ekremTest WAPI : 5600 - 08/06/2022 17:32:09
ekremTest WAPI : 5600 - 08/06/2022 17:32:15
ekremTest WAPI : 5600 - 08/06/2022 17:33:33
ekremTest WAPI : 5600 - 08/06/2022 17:33:59
ekremTest WAPI : 5600 - 08/06/2022 17:34:25
ekremTest WAPI : 5600 - 08/06/2022 17:34:29
ekremTest WAPI : 5600 - 08/06/2022 17:44:15
{ recordsets: [ [ [Object] ] ] }
ekremTest WAPI : 5600 - 08/06/2022 18:17:02
ekremTest WAPI : 5600 - 08/06/2022 18:17:05
ekremTest WAPI : 5600 - 08/06/2022 18:17:36
ekremTest WAPI : 5600 - 08/06/2022 18:19:33
ekremTest WAPI : 5600 - 08/06/2022 18:20:33
ekremTest WAPI : 5600 - 08/06/2022 18:21:47
ekremTest WAPI : 5600 - 08/06/2022 18:21:57
ekremTest WAPI : 5600 - 08/06/2022 18:22:58
ekremTest WAPI : 5600 - 08/06/2022 18:23:05
ekremTest WAPI : 5600 - 08/06/2022 18:23:08
ekremTest WAPI : 5600 - 08/06/2022 18:23:29
ekremTest WAPI : 5600 - 08/06/2022 18:24:01
ekremTest WAPI : 5600 - 08/06/2022 18:24:37
ekremTest WAPI : 5600 - 09/06/2022 13:05:12
ekremTest WAPI : 5600 - 09/06/2022 13:06:11
ekremTest WAPI : 5600 - 09/06/2022 13:06:53
ekremTest WAPI : 5600 - 09/06/2022 13:07:06
{ recordsets: [ [ [Object] ] ] }
ekremTest WAPI : 5600 - 09/06/2022 13:09:51
ekremTest WAPI : 5600 - 09/06/2022 13:09:57
{ recordsets: [ [ [Object] ] ] }
ekremTest WAPI : 5600 - 09/06/2022 13:35:17
{ recordsets: [ [ [Object] ] ] }
ekremTest WAPI : 5600 - 09/06/2022 13:36:01
ekremTest WAPI : 5600 - 09/06/2022 13:48:29
ekremTest WAPI : 5600 - 09/06/2022 13:49:50
ekremTest WAPI : 5600 - 09/06/2022 13:50:26
ekremTest WAPI : 5600 - 09/06/2022 13:53:38
ekremTest WAPI : 5600 - 09/06/2022 13:58:03
ekremTest WAPI : 5600 - 09/06/2022 13:58:56
ekremTest WAPI : 5600 - 09/06/2022 14:00:06
ekremTest WAPI : 5600 - 09/06/2022 14:00:59
SP_W_T_KULLANICI_KAYITLARI @islem = 'S',  @eski_id = ''
ekremTest WAPI : 5600 - 09/06/2022 14:02:32
SP_W_T_KULLANICI_KAYITLARI @islem = 'S',  @eski_id = '5'
ekremTest WAPI : 5600 - 09/06/2022 14:03:35
ekremTest WAPI : 5600 - 09/06/2022 14:05:05
ekremTest WAPI : 5600 - 09/06/2022 14:05:19
ekremTest WAPI : 5600 - 09/06/2022 14:05:54
ekremTest WAPI : 5600 - 09/06/2022 14:09:06
ekremTest WAPI : 5600 - 09/06/2022 14:09:57
ekremTest WAPI : 5600 - 09/06/2022 14:10:32
ekremTest WAPI : 5600 - 09/06/2022 14:11:33
ekremTest WAPI : 5600 - 09/06/2022 14:13:09
ekremTest WAPI : 5600 - 09/06/2022 14:14:09
ekremTest WAPI : 5600 - 09/06/2022 14:15:52
ekremTest WAPI : 5600 - 09/06/2022 14:17:07
{ recordsets: [ [ [Object] ] ] }
ekremTest WAPI : 5600 - 09/06/2022 14:19:50
ekremTest WAPI : 5600 - 09/06/2022 14:22:29
{ recordsets: [ [ [Object] ] ] }
ekremTest WAPI : 5600 - 09/06/2022 14:23:42
ekremTest WAPI : 5600 - 09/06/2022 14:36:52
ekremTest WAPI : 5600 - 09/06/2022 14:37:01
ekremTest WAPI : 5600 - 09/06/2022 14:39:13
ekremTest WAPI : 5600 - 09/06/2022 14:39:48
ekremTest WAPI : 5600 - 09/06/2022 14:40:16
ekremTest WAPI : 5600 - 09/06/2022 14:40:41
ekremTest WAPI : 5600 - 09/06/2022 14:42:40
ekremTest WAPI : 5600 - 09/06/2022 14:44:13
ekremTest WAPI : 5600 - 09/06/2022 14:48:01
ekremTest WAPI : 5600 - 09/06/2022 14:49:53
ekremTest WAPI : 5600 - 09/06/2022 14:52:46
ekremTest WAPI : 5600 - 09/06/2022 15:37:14
ekremTest WAPI : 5600 - 09/06/2022 15:48:35
ekremTest WAPI : 5600 - 09/06/2022 15:50:00
ekremTest WAPI : 5600 - 09/06/2022 17:09:09
ekremTest WAPI : 5600 - 09/06/2022 17:22:37
ekremTest WAPI : 5600 - 09/06/2022 17:55:08
{ recordsets: [ [ [Object] ] ] }
ekremTest WAPI : 5600 - 10/06/2022 10:03:56
ekremTest WAPI : 5600 - 10/06/2022 10:04:02
SP_W_T_ARAC_MARKA_TANIMLARI @islem = 'E',  @e_marka_adi = 'Citroen', @JSON = '', @e_durum = 'Aktif', @e_sira = '9'
SP_W_T_ARAC_MARKA_TANIMLARI @islem = 'E',  @e_marka_adi = 'Ford', @JSON = '[]', @e_durum = 'Aktif', @e_sira = '9'
ekremTest WAPI : 5600 - 10/06/2022 10:07:03
ekremTest WAPI : 5600 - 10/06/2022 11:06:55
ekremTest WAPI : 5600 - 10/06/2022 11:07:12
ekremTest WAPI : 5600 - 10/06/2022 11:08:20
ekremTest WAPI : 5600 - 10/06/2022 12:16:39
ekremTest WAPI : 5600 - 10/06/2022 12:16:44
ekremTest WAPI : 5600 - 20/06/2022 10:37:13
1
1
ekremTest WAPI : 5600 - 20/06/2022 10:37:27
2
3
4
5
6
ekremTest WAPI : 5600 - 20/06/2022 10:41:41
2
3
ekremTest WAPI : 5600 - 20/06/2022 10:47:21
[class Worker extends EventEmitter]
ekremTest WAPI : 5600 - 20/06/2022 10:47:29
true
ekremTest WAPI : 5600 - 20/06/2022 10:47:40
true
null
null
ekremTest WAPI : 5600 - 20/06/2022 10:48:01
true
null
null
ekremTest WAPI : 5600 - 20/06/2022 10:49:59
true
null
null
true
null
null
ekremTest WAPI : 5600 - 20/06/2022 10:50:14
ekremTest WAPI : 5600 - 20/06/2022 10:52:07
ekremTest WAPI : 5600 - 20/06/2022 13:26:17
ekremTest WAPI : 5600 - 20/06/2022 13:28:35
ekremTest WAPI : 5600 - 20/06/2022 13:29:05
ekremTest WAPI : 5600 - 20/06/2022 13:29:20
ekremTest WAPI : 5600 - 20/06/2022 13:30:09
ekremTest WAPI : 5600 - 20/06/2022 13:36:40
ekremTest WAPI : 5600 - 20/06/2022 13:38:07
ekremTest WAPI : 5600 - 20/06/2022 13:38:20
Worker kapandı. ID: 1f153bc99d83bb0b8597ac89532290a1
ekremTest WAPI : 5600 - 20/06/2022 13:39:29
Worker kapandı. ID: fb23d614170b9e4b6d28f86b013f6ffb
ekremTest WAPI : 5600 - 20/06/2022 13:40:06
ekremTest WAPI : 5600 - 20/06/2022 13:40:23
ekremTest WAPI : 5600 - 20/06/2022 13:40:34
{
  IP: '::ffff:170.84.252.182',
  url: 'login',
  reqMethod: 'POST',
  reqHeaders: {
    host: 'test.eronsoftware.com:5600',
    connection: 'keep-alive',
    'content-length': '55',
    'sec-ch-ua': '" Not A;Brand";v="99", "Chromium";v="102", "Google Chrome";v="102"',
    accept: 'text/plain',
    'content-type': 'text/plain',
    'sec-ch-ua-mobile': '?0',
    'user-agent': 'Mozilla/5.0 (Windows NT 10.0; Win64; x64) AppleWebKit/537.36 (KHTML, like Gecko) Chrome/102.0.0.0 Safari/537.36',
    'sec-ch-ua-platform': '"Windows"',
    origin: 'https://test.eronsoftware.com:5600',
    'sec-fetch-site': 'same-origin',
    'sec-fetch-mode': 'cors',
    'sec-fetch-dest': 'empty',
    referer: 'https://test.eronsoftware.com:5600/dokuman/admin/',
    'accept-encoding': 'gzip, deflate, br',
    'accept-language': 'tr-TR,tr;q=0.9,en-US;q=0.8,en;q=0.7'
  },
  reqBody: {}
}
Worker kapandı. ID: a213f41129772df5a6bf6092b367c48d
ekremTest WAPI : 5600 - 20/06/2022 13:43:06
{
  IP: '::ffff:170.84.252.182',
  url: 'login',
  reqMethod: 'POST',
  reqHeaders: {
    host: 'test.eronsoftware.com:5600',
    connection: 'keep-alive',
    'content-length': '55',
    'sec-ch-ua': '" Not A;Brand";v="99", "Chromium";v="102", "Google Chrome";v="102"',
    accept: 'text/plain',
    'content-type': 'text/plain',
    'sec-ch-ua-mobile': '?0',
    'user-agent': 'Mozilla/5.0 (Windows NT 10.0; Win64; x64) AppleWebKit/537.36 (KHTML, like Gecko) Chrome/102.0.0.0 Safari/537.36',
    'sec-ch-ua-platform': '"Windows"',
    origin: 'https://test.eronsoftware.com:5600',
    'sec-fetch-site': 'same-origin',
    'sec-fetch-mode': 'cors',
    'sec-fetch-dest': 'empty',
    referer: 'https://test.eronsoftware.com:5600/dokuman/admin/',
    'accept-encoding': 'gzip, deflate, br',
    'accept-language': 'tr-TR,tr;q=0.9,en-US;q=0.8,en;q=0.7'
  },
  reqBody: {}
}
Worker kapandı. ID: 0657025aaf391b74c4bbcdafd130ba26
ekremTest WAPI : 5600 - 20/06/2022 13:45:15
{
  IP: '::ffff:170.84.252.182',
  url: 'login',
  reqMethod: 'POST',
  reqHeaders: {
    host: 'test.eronsoftware.com:5600',
    connection: 'keep-alive',
    'content-length': '55',
    'sec-ch-ua': '" Not A;Brand";v="99", "Chromium";v="102", "Google Chrome";v="102"',
    accept: 'text/plain',
    'content-type': 'text/plain',
    'sec-ch-ua-mobile': '?0',
    'user-agent': 'Mozilla/5.0 (Windows NT 10.0; Win64; x64) AppleWebKit/537.36 (KHTML, like Gecko) Chrome/102.0.0.0 Safari/537.36',
    'sec-ch-ua-platform': '"Windows"',
    origin: 'https://test.eronsoftware.com:5600',
    'sec-fetch-site': 'same-origin',
    'sec-fetch-mode': 'cors',
    'sec-fetch-dest': 'empty',
    referer: 'https://test.eronsoftware.com:5600/dokuman/admin/',
    'accept-encoding': 'gzip, deflate, br',
    'accept-language': 'tr-TR,tr;q=0.9,en-US;q=0.8,en;q=0.7'
  },
  reqBody: {}
}
[
  {
    S: 'H',
    HATA_KODU: '801',
    HATA_ACIKLAMASI: 'BODY-JSON Parse Hatası'
  }
]
Worker kapandı. ID: b53ef00a7e446969ebc4ee33aa065ff6
ekremTest WAPI : 5600 - 20/06/2022 13:46:37
{}
[
  {
    S: 'H',
    HATA_KODU: '801',
    HATA_ACIKLAMASI: 'BODY-JSON Parse Hatası'
  }
]
Worker kapandı. ID: 17589df3169339ba589152e17a4693a1
ekremTest WAPI : 5600 - 20/06/2022 13:47:02
undefined
[
  {
    S: 'H',
    HATA_KODU: '801',
    HATA_ACIKLAMASI: 'BODY-JSON Parse Hatası'
  }
]
Worker kapandı. ID: fce55edf5d27d77ae3b921feef68faa6
ekremTest WAPI : 5600 - 20/06/2022 13:47:17
ekremTest WAPI : 5600 - 20/06/2022 13:48:19
{}
[
  {
    S: 'H',
    HATA_KODU: '801',
    HATA_ACIKLAMASI: 'BODY-JSON Parse Hatası'
  }
]
Worker kapandı. ID: a515bfaef1234619cce906ee47aa199f
ekremTest WAPI : 5600 - 20/06/2022 13:48:36
{}
[
  {
    S: 'H',
    HATA_KODU: '801',
    HATA_ACIKLAMASI: 'BODY-JSON Parse Hatası'
  }
]
{}
Worker kapandı. ID: e7d4143d31f5a0e347ee9303c8514471
ekremTest WAPI : 5600 - 20/06/2022 13:48:53
{}
[
  {
    S: 'H',
    HATA_KODU: '801',
    HATA_ACIKLAMASI: 'BODY-JSON Parse Hatası'
  }
]
<ref *2> IncomingMessage {
  _readableState: ReadableState {
    objectMode: false,
    highWaterMark: 16384,
    buffer: BufferList { head: [Object], tail: [Object], length: 1 },
    length: 55,
    pipes: [],
    flowing: null,
    ended: true,
    endEmitted: false,
    reading: false,
    sync: true,
    needReadable: false,
    emittedReadable: false,
    readableListening: false,
    resumeScheduled: false,
    errorEmitted: false,
    emitClose: true,
    autoDestroy: false,
    destroyed: false,
    errored: null,
    closed: false,
    closeEmitted: false,
    defaultEncoding: 'utf8',
    awaitDrainWriters: null,
    multiAwaitDrain: false,
    readingMore: true,
    dataEmitted: false,
    decoder: null,
    encoding: null,
    [Symbol(kPaused)]: null
  },
  _events: [Object: null prototype] { end: [Function: clearRequestTimeout] },
  _eventsCount: 1,
  _maxListeners: undefined,
  socket: <ref *1> TLSSocket {
    _tlsOptions: {
      secureContext: [SecureContext],
      isServer: true,
      server: [Server],
      requestCert: false,
      rejectUnauthorized: true,
      handshakeTimeout: 120000,
      ALPNProtocols: <Buffer 08 68 74 74 70 2f 31 2e 31>,
      SNICallback: [Function: SNICallback],
      enableTrace: undefined,
      pauseOnConnect: false,
      pskCallback: undefined,
      pskIdentityHint: undefined
    },
    _secureEstablished: true,
    _securePending: false,
    _newSessionPending: false,
    _controlReleased: true,
    secureConnecting: false,
    _SNICallback: null,
    servername: 'test.eronsoftware.com',
    alpnProtocol: 'http/1.1',
    authorized: false,
    authorizationError: null,
    encrypted: true,
    _events: [Object: null prototype] {
      close: [Array],
      end: [Array],
      newListener: [Function: keylogNewListener],
      secure: [Function: onServerSocketSecure],
      _tlsError: [Function: onSocketTLSError],
      timeout: [Function: socketOnTimeout],
      data: [Function: bound socketOnData],
      error: [Function: socketOnError],
      drain: [Function: bound socketOnDrain],
      resume: [Function: onSocketResume],
      pause: [Function: onSocketPause]
    },
    _eventsCount: 11,
    connecting: false,
    _hadError: false,
    _parent: Socket {
      connecting: false,
      _hadError: false,
      _parent: null,
      _host: null,
      _readableState: [ReadableState],
      _events: [Object: null prototype],
      _eventsCount: 3,
      _maxListeners: undefined,
      _writableState: [WritableState],
      allowHalfOpen: false,
      _sockname: null,
      _pendingData: null,
      _pendingEncoding: '',
      server: [Server],
      _server: [Server],
      [Symbol(async_id_symbol)]: 34,
      [Symbol(kHandle)]: [TCP],
      [Symbol(kSetNoDelay)]: false,
      [Symbol(lastWriteQueueSize)]: 0,
      [Symbol(timeout)]: null,
      [Symbol(kBuffer)]: null,
      [Symbol(kBufferCb)]: null,
      [Symbol(kBufferGen)]: null,
      [Symbol(kCapture)]: false,
      [Symbol(kBytesRead)]: 0,
      [Symbol(kBytesWritten)]: 0
    },
    _host: null,
    _readableState: ReadableState {
      objectMode: false,
      highWaterMark: 16384,
      buffer: BufferList { head: null, tail: null, length: 0 },
      length: 0,
      pipes: [],
      flowing: true,
      ended: false,
      endEmitted: false,
      reading: true,
      sync: false,
      needReadable: true,
      emittedReadable: false,
      readableListening: false,
      resumeScheduled: false,
      errorEmitted: false,
      emitClose: false,
      autoDestroy: false,
      destroyed: false,
      errored: null,
      closed: false,
      closeEmitted: false,
      defaultEncoding: 'utf8',
      awaitDrainWriters: null,
      multiAwaitDrain: false,
      readingMore: false,
      dataEmitted: false,
      decoder: null,
      encoding: null,
      [Symbol(kPaused)]: false
    },
    _maxListeners: undefined,
    _writableState: WritableState {
      objectMode: false,
      highWaterMark: 16384,
      finalCalled: false,
      needDrain: false,
      ending: false,
      ended: false,
      finished: false,
      destroyed: false,
      decodeStrings: false,
      defaultEncoding: 'utf8',
      length: 0,
      writing: false,
      corked: 0,
      sync: true,
      bufferProcessing: false,
      onwrite: [Function: bound onwrite],
      writecb: null,
      writelen: 0,
      afterWriteTickInfo: null,
      buffered: [],
      bufferedIndex: 0,
      allBuffers: true,
      allNoop: true,
      pendingcb: 0,
      prefinished: false,
      errorEmitted: false,
      emitClose: false,
      autoDestroy: false,
      errored: null,
      closed: false,
      closeEmitted: false
    },
    allowHalfOpen: false,
    _sockname: null,
    _pendingData: null,
    _pendingEncoding: '',
    server: Server {
      maxHeaderSize: undefined,
      insecureHTTPParser: undefined,
      _contexts: [],
      requestCert: false,
      rejectUnauthorized: true,
      ALPNProtocols: <Buffer 08 68 74 74 70 2f 31 2e 31>,
      pfx: undefined,
      key: '-----BEGIN PRIVATE KEY-----\n' +
        'MIIEvQIBADANBgkqhkiG9w0BAQEFAASCBKcwggSjAgEAAoIBAQCnsgamrOpW9avX\n' +
        'JHceBzatf71zA56vyHkMXZu8/Y2iJvl4dx72hDucP+Z8ADMCrlEZdDlojpFpFeT9\n' +
        'xdfCUEgnmujwG5J+Kr0y3KOdy8N5VRPtLA0dtR6T6FjR8S2z2ABJxfk7L+yrg/Yv\n' +
        'aNyy5Tz0IOAvJViiN6/6Q4V4T9HEYhVASUYpLY8b9wl26zY6XpBJAllRuyzJulwF\n' +
        'Na0YrTTw5ohlHFFBowHAjIlS0FuVAfrdjAytsKfA1n4OsLkhH7qOpeM9K3M0h/uR\n' +
        '8ivVvYjU/ELCCQ7A2QIyo41XLO2osM8yrw+I+BiJZgr2QN/QyREJk/pdB4CqhaAk\n' +
        '2QM85gxHAgMBAAECggEAGfQsoVk7v4+wM9D5+pTFOp79lDJoOe5+BZLrSpm3dPQx\n' +
        'Qhq1mROoIiuloWVqf6y48oaRaARArxHrafdXyEQilrab/KVXy90TgS6yx/ZEX5/y\n' +
        'QI/Dy+g/PkcEkCGSoDX6/W/9fdKR/42h6X6CQdHG2EXKTKGsERcrTkFrA87euVTw\n' +
        'hEkED6XjDfiScpZqs/m8YcI8xAruVCO2BBIbeU7kOvUsy+rXBLZitWmbujbWjrc9\n' +
        'MTPhXoIKh7+24COCseopoYr0R+rakSTuPmLElG7MWcCvXPnRhaSkCfV5Oj0yzvZU\n' +
        'LXzY82eUfh4yDlPriJ0AheMEO+pyVymnNXk+SoRuCQKBgQDAjO2jwHm5ifk1dbKn\n' +
        'easeB63kmAbfj5pxSlGW4rZ7z5jrflVV7nPddZJcd1Xjs7MXXnB1hz6miyMb0NBe\n' +
        'KD3frIdFgV0pBIpAKBDeLrN2KaLU8/H8i8wVfOg/Ek49f/2P8ZQm11knpDmUziM7\n' +
        'DA/eaJcPfkwEsf/fRKVZoaBxXQKBgQDe9GK3xQ2315w+SFKlwsjj+FKmlzxBVnEh\n' +
        '4giehD8FAKioDgiBBxP/xusanSyPnbkY1z2mFPgzMD4u1VoDDcIxAadXOAd4JduS\n' +
        '5ZoN5L1Gn2kMisxTXOYdbnGNbKlBe0dsFWPwlllo8J1m7KC9KUMtJ5/1eOAf+/SE\n' +
        's97depgl8wKBgCaY2VX20i+oAaV+t1Ys5Gk7ntbwxofv0ESfYiV9wpik74FdLJvy\n' +
        'FZWx6KnSXgwrzF2F18MnXh6iS2JbBDmrlWONwPvkx5jeSRw9K8xtzhmElRhc4gf+\n' +
        'ueUgyalC8R4Q1vIQueLjTgLNP6GdhKBkdZXen1FCvtg+Gg1WRFLoPDIdAoGBAI3y\n' +
        'cAtqRQKgHlS0/RGWAwrJZe20aeN7Yonc+/nYXrsToU1lqdpkJEJ7ZeHK4b0KAPek\n' +
        'yhY8UY1dkKmGoklBcDp9QApSnMbM65AJ6FwiHrOg+GPI1q/YfJWOZHNTFCuhjmZs\n' +
        '8/UP9BrQ3pXR38CvTZqpGLlTXPZgFlyKnEDMNaQrAoGADbuZIB90vm3hbq+AMbHN\n' +
        'pG0K4aEUgByiuodd0/CdPCUZQCHLBP4uqlULvIb5McQFSLST9OOd7SFPC3u1gT44\n' +
        'B4bLUmeC/xx6Gso2zTY1E3X69v09hybipRRGbHpanMUikA0CMmMjjSUgk6WNdxjV\n' +
        '6Kiyy/MP5rPunnkH7+RIe4I=\n' +
        '-----END PRIVATE KEY-----\n',
      passphrase: undefined,
      cert: '-----BEGIN CERTIFICATE-----\n' +
        'MIIHlDCCBXygAwIBAgIQCKHngaJ3R1xQh9BD1c/AeDANBgkqhkiG9w0BAQsFADBc\n' +
        'MQswCQYDVQQGEwJVUzEXMBUGA1UEChMORGlnaUNlcnQsIEluYy4xNDAyBgNVBAMT\n' +
        'K1JhcGlkU1NMIEdsb2JhbCBUTFMgUlNBNDA5NiBTSEEyNTYgMjAyMiBDQTEwHhcN\n' +
        'MjIwNTMxMDAwMDAwWhcNMjMwNTMxMjM1OTU5WjAgMR4wHAYDVQQDExV0ZXN0LmVy\n' +
        'b25zb2Z0d2FyZS5jb20wggEiMA0GCSqGSIb3DQEBAQUAA4IBDwAwggEKAoIBAQCn\n' +
        'sgamrOpW9avXJHceBzatf71zA56vyHkMXZu8/Y2iJvl4dx72hDucP+Z8ADMCrlEZ\n' +
        'dDlojpFpFeT9xdfCUEgnmujwG5J+Kr0y3KOdy8N5VRPtLA0dtR6T6FjR8S2z2ABJ\n' +
        'xfk7L+yrg/YvaNyy5Tz0IOAvJViiN6/6Q4V4T9HEYhVASUYpLY8b9wl26zY6XpBJ\n' +
        'AllRuyzJulwFNa0YrTTw5ohlHFFBowHAjIlS0FuVAfrdjAytsKfA1n4OsLkhH7qO\n' +
        'peM9K3M0h/uR8ivVvYjU/ELCCQ7A2QIyo41XLO2osM8yrw+I+BiJZgr2QN/QyREJ\n' +
        'k/pdB4CqhaAk2QM85gxHAgMBAAGjggOMMIIDiDAfBgNVHSMEGDAWgBTwnIX9op99\n' +
        'j8lou9XUiU0dvtOQ/zAdBgNVHQ4EFgQU1keNqYayK/Ehzp8gs35Vn+VbwLAwIAYD\n' +
        'VR0RBBkwF4IVdGVzdC5lcm9uc29mdHdhcmUuY29tMA4GA1UdDwEB/wQEAwIFoDAd\n' +
        'BgNVHSUEFjAUBggrBgEFBQcDAQYIKwYBBQUHAwIwgZ8GA1UdHwSBlzCBlDBIoEag\n' +
        'RIZCaHR0cDovL2NybDMuZGlnaWNlcnQuY29tL1JhcGlkU1NMR2xvYmFsVExTUlNB\n' +
        'NDA5NlNIQTI1NjIwMjJDQTEuY3JsMEigRqBEhkJodHRwOi8vY3JsNC5kaWdpY2Vy\n' +
        'dC5jb20vUmFwaWRTU0xHbG9iYWxUTFNSU0E0MDk2U0hBMjU2MjAyMkNBMS5jcmww\n' +
        'PgYDVR0gBDcwNTAzBgZngQwBAgEwKTAnBggrBgEFBQcCARYbaHR0cDovL3d3dy5k\n' +
        'aWdpY2VydC5jb20vQ1BTMIGHBggrBgEFBQcBAQR7MHkwJAYIKwYBBQUHMAGGGGh0\n' +
        'dHA6Ly9vY3NwLmRpZ2ljZXJ0LmNvbTBRBggrBgEFBQcwAoZFaHR0cDovL2NhY2Vy\n' +
        'dHMuZGlnaWNlcnQuY29tL1JhcGlkU1NMR2xvYmFsVExTUlNBNDA5NlNIQTI1NjIw\n' +
        'MjJDQTEuY3J0MAkGA1UdEwQCMAAwggF8BgorBgEEAdZ5AgQCBIIBbASCAWgBZgB1\n' +
        'AOg+0No+9QY1MudXKLyJa8kD08vREWvs62nhd31tBr1uAAABgRpom68AAAQDAEYw\n' +
        'RAIgAmnHBKyhCXtK3SBMBzkif1maPuQ4iOK8QvkhaNZQoKUCIEbAZkl8NH7+QvEf\n' +
        'WIskHj3Fv7SaYzj9Sbm4YhHIhx3EAHYANc8ZG7+xbFe/D61MbULLu7YnICZR6j/h\n' +
        'Ku+oA8M71kwAAAGBGmia/QAABAMARzBFAiBLnOgVtykVySaidUP6nbPwKcl+4C0l\n' +
        'bBgN8LN8s4kb2gIhAPoGUMmeOdDtwmy85l1olFCEdEB3//N2fmY2yqDKv7n+AHUA\n' +
        's3N3B+GEUPhjhtYFqdwRCUp5LbFnDAuH3PADDnk2pZoAAAGBGmibGAAABAMARjBE\n' +
        'AiBFemd9TJtkvxmsyK8qHSRTb2YwCT54kTIEq+vZo8oIrgIgKt6gwtfMZzy2MZlb\n' +
        'wfjwMGs6lO2KclvyEhTQqD4bVSAwDQYJKoZIhvcNAQELBQADggIBAHTXspzEsl98\n' +
        'zYKfERI0Kr7yTtH3j4PPLGyOubx1YfSoiRREkKs/iUOGqmyjEM7PqqC1Y+UqifPF\n' +
        '6VFpRks8bxQ9+bCBdNEHuI+rLCpmvnCcjGcCgbsB/PDBObt4X5kGkynkUNQBa/gY\n' +
        'MwyFBveoxC2vaMypGXzm/cwQ21UKXAYWwbwd/JpXfgWotqw1z4iHhcORR+UOl2fr\n' +
        'sDZ7g4ENBWCeDCzy0dyKcpSjRa6YbqyhDP7vYEv/pYDIYBN2GMTnqgmKs9xQ3ktw\n' +
        'SSgd9SDkOOBf5+t+fqfioQ4dvx4GulJlTOXtvLgTdV7SxHi1XBBS78eX41MUl1bv\n' +
        'DHuAQCH4PsXRDhoZXKoTwGJOjN18nA9qGhb2g0nEXWpi80o8I+2BW7Fu0P1Bgdn2\n' +
        'EJF9lUS4bwGWmcZ/vzJw+lQVkuCzTyTO2+3zDmRNh4Ode5HyBWg1EHlumqdoti+k\n' +
        'Lf2xMl0VTIDhCVhSxdN83tVQ+dlAtpFx+yEmFH/01jwgnwwxO/rJ2ujPpPLaWOdv\n' +
        '61DTUYLyvEoMNxp1AA1lEPPKKbuxk8Rdb10F+67nScbBMR6PMGBPs6sOPnqdFEcP\n' +
        'k7GeqayvCY2hDveRbjDrtBXIcsxVPks62GS7h5ZJGVozqD86NDx/TLVTIL6CmxSt\n' +
        'O2VSd4SUI6HO2JbZI88VjIXgV9sNeAdr\n' +
        '-----END CERTIFICATE-----',
      clientCertEngine: undefined,
      ca: '-----BEGIN CERTIFICATE-----\n' +
        'MIIFyzCCBLOgAwIBAgIQCgWbJfVLPYeUzGYxR3U4ozANBgkqhkiG9w0BAQsFADBh\n' +
        'MQswCQYDVQQGEwJVUzEVMBMGA1UEChMMRGlnaUNlcnQgSW5jMRkwFwYDVQQLExB3\n' +
        'd3cuZGlnaWNlcnQuY29tMSAwHgYDVQQDExdEaWdpQ2VydCBHbG9iYWwgUm9vdCBD\n' +
        'QTAeFw0yMjA1MDQwMDAwMDBaFw0zMTExMDkyMzU5NTlaMFwxCzAJBgNVBAYTAlVT\n' +
        'MRcwFQYDVQQKEw5EaWdpQ2VydCwgSW5jLjE0MDIGA1UEAxMrUmFwaWRTU0wgR2xv\n' +
        'YmFsIFRMUyBSU0E0MDk2IFNIQTI1NiAyMDIyIENBMTCCAiIwDQYJKoZIhvcNAQEB\n' +
        'BQADggIPADCCAgoCggIBAKY5PJhwCX2UyBb1nelu9APen53D5+C40T+BOZfSFaB0\n' +
        'v0WJM3BGMsuiHZX2IHtwnjUhLL25d8tgLASaUNHCBNKKUlUGRXGztuDIeXb48d64\n' +
        'k7Gk7u7mMRSrj+yuLSWOKnK6OGKe9+s6oaVIjHXY+QX8p2I2S3uew0bW3BFpkeAr\n' +
        'LBCU25iqeaoLEOGIa09DVojd3qc/RKqr4P11173R+7Ub05YYhuIcSv8e0d7qN1sO\n' +
        '1+lfoNMVfV9WcqPABmOasNJ+ol0hAC2PTgRLy/VZo1L0HRMr6j8cbR7q0nKwdbn4\n' +
        'Ar+ZMgCgCcG9zCMFsuXYl/rqobiyV+8U37dDScAebZTIF/xPEvHcmGi3xxH6g+dT\n' +
        'CjetOjJx8sdXUHKXGXC9ka33q7EzQIYlZISF7EkbT5dZHsO2DOMVLBdP1N1oUp0/\n' +
        '1f6fc8uTDduELoKBRzTTZ6OOBVHeZyFZMMdi6tA5s/jxmb74lqH1+jQ6nTU2/Mma\n' +
        'hGNxUuJpyhUHezgBA6sto5lNeyqc+3Cr5ehFQzUuwNsJaWbDdQk1v7lqRaqOlYjn\n' +
        'iomOl36J5txTs0wL7etCeMRfyPsmc+8HmH77IYVMUOcPJb+0gNuSmAkvf5QXbgPI\n' +
        'Zursn/UYnP9obhNbHc/9LYdQkB7CXyX9mPexnDNO7pggNA2jpbEarLmZGi4grMmf\n' +
        'AgMBAAGjggGCMIIBfjASBgNVHRMBAf8ECDAGAQH/AgEAMB0GA1UdDgQWBBTwnIX9\n' +
        'op99j8lou9XUiU0dvtOQ/zAfBgNVHSMEGDAWgBQD3lA1VtFMu2bwo+IbG8OXsj3R\n' +
        'VTAOBgNVHQ8BAf8EBAMCAYYwHQYDVR0lBBYwFAYIKwYBBQUHAwEGCCsGAQUFBwMC\n' +
        'MHYGCCsGAQUFBwEBBGowaDAkBggrBgEFBQcwAYYYaHR0cDovL29jc3AuZGlnaWNl\n' +
        'cnQuY29tMEAGCCsGAQUFBzAChjRodHRwOi8vY2FjZXJ0cy5kaWdpY2VydC5jb20v\n' +
        'RGlnaUNlcnRHbG9iYWxSb290Q0EuY3J0MEIGA1UdHwQ7MDkwN6A1oDOGMWh0dHA6\n' +
        'Ly9jcmwzLmRpZ2ljZXJ0LmNvbS9EaWdpQ2VydEdsb2JhbFJvb3RDQS5jcmwwPQYD\n' +
        'VR0gBDYwNDALBglghkgBhv1sAgEwBwYFZ4EMAQEwCAYGZ4EMAQIBMAgGBmeBDAEC\n' +
        'AjAIBgZngQwBAgMwDQYJKoZIhvcNAQELBQADggEBAAfjh/s1f5dDdfm0sNm74/dW\n' +
        'MbbsxfYV1LoTpFt+3MSUWvSbiPQfUkoV57b5rutRJvnPP9mSlpFwcZ3e1nSUbi2o\n' +
        'ITGA7RCOj23I1F4zk0YJm42qAwJIqOVenR3XtyQ2VR82qhC6xslxtNf7f2Ndx2G7\n' +
        'Mem4wpFhyPDT2P6UJ2MnrD+FC//ZKH5/ERo96ghz8VqNlmL5RXo8Ks9rMr/Ad9xw\n' +
        'Y4hyRvAz5920myUffwdUqc0SvPlFnahsZg15uT5HkK48tHR0TLuLH8aRpzh4KJ/Y\n' +
        'p0sARNb+9i1R4Fg5zPNvHs2BbIve0vkwxAy+R4727qYzl3027w9jEFC6HMXRaDc=\n' +
        '-----END CERTIFICATE-----',
      minVersion: undefined,
      maxVersion: undefined,
      secureProtocol: undefined,
      crl: undefined,
      sigalgs: undefined,
      ciphers: undefined,
      ecdhCurve: undefined,
      dhparam: undefined,
      honorCipherOrder: true,
      secureOptions: undefined,
      sessionIdContext: '298aee5f16d329c53a9cbc5410d981d8',
      privateKeyIdentifier: undefined,
      privateKeyEngine: undefined,
      _sharedCreds: [SecureContext],
      _events: [Object: null prototype],
      _eventsCount: 4,
      _maxListeners: undefined,
      _connections: 1,
      _handle: [TCP],
      _usingWorkers: false,
      _workers: [],
      _unref: false,
      allowHalfOpen: false,
      pauseOnConnect: false,
      httpAllowHalfOpen: false,
      timeout: 0,
      keepAliveTimeout: 5000,
      maxHeadersCount: null,
      headersTimeout: 60000,
      requestTimeout: 0,
      _connectionKey: '6::::5600',
      [Symbol(IncomingMessage)]: [Function: IncomingMessage],
      [Symbol(ServerResponse)]: [Function: ServerResponse],
      [Symbol(handshake-timeout)]: 120000,
      [Symbol(snicallback)]: undefined,
      [Symbol(pskcallback)]: undefined,
      [Symbol(pskidentityhint)]: undefined,
      [Symbol(kCapture)]: false,
      [Symbol(async_id_symbol)]: 21,
      [Symbol(enableTrace)]: undefined
    },
    _server: null,
    ssl: TLSWrap {
      _parent: [TCP],
      _parentWrap: [Socket],
      _secureContext: [SecureContext],
      reading: true,
      onkeylog: [Function: onkeylog],
      onhandshakestart: [Function: onhandshakestart],
      onhandshakedone: [Function: onhandshakedone],
      onclienthello: [Function: loadSession],
      oncertcb: [Function: loadSNI],
      onnewsession: [Function: onnewsession],
      lastHandshakeTime: 3651,
      handshakes: 0,
      onerror: [Function: onerror],
      _consumed: true,
      [Symbol(owner_symbol)]: [Circular *1]
    },
    _requestCert: false,
    _rejectUnauthorized: true,
    timeout: 0,
    parser: HTTPParser {
      '0': [Function: bound setRequestTimeout],
      '1': [Function: parserOnHeaders],
      '2': [Function: parserOnHeadersComplete],
      '3': [Function: parserOnBody],
      '4': [Function: parserOnMessageComplete],
      '5': [Function: bound onParserExecute],
      '6': [Function: bound onParserTimeout],
      _headers: [],
      _url: '',
      socket: [Circular *1],
      incoming: [Circular *2],
      outgoing: null,
      maxHeaderPairs: 2000,
      _consumed: true,
      onIncoming: [Function: bound parserOnIncoming],
      [Symbol(resource_symbol)]: [HTTPServerAsyncResource]
    },
    on: [Function: socketListenerWrap],
    addListener: [Function: socketListenerWrap],
    prependListener: [Function: socketListenerWrap],
    _paused: false,
    _httpMessage: ServerResponse {
      _events: [Object: null prototype],
      _eventsCount: 1,
      _maxListeners: undefined,
      outputData: [],
      outputSize: 0,
      writable: true,
      destroyed: false,
      _last: false,
      chunkedEncoding: false,
      shouldKeepAlive: true,
      _defaultKeepAlive: true,
      useChunkedEncodingByDefault: true,
      sendDate: true,
      _removedConnection: false,
      _removedContLen: false,
      _removedTE: false,
      _contentLength: null,
      _hasBody: true,
      _trailer: '',
      finished: false,
      _headerSent: false,
      socket: [Circular *1],
      _header: null,
      _keepAliveTimeout: 5000,
      _onPendingData: [Function: bound updateOutgoingData],
      _sent100: false,
      _expect_continue: false,
      req: [Circular *2],
      locals: [Object: null prototype] {},
      [Symbol(kCapture)]: false,
      [Symbol(kNeedDrain)]: false,
      [Symbol(corked)]: 0,
      [Symbol(kOutHeaders)]: [Object: null prototype]
    },
    _peername: { address: '::ffff:170.84.252.182', family: 'IPv6', port: 50298 },
    [Symbol(res)]: TLSWrap {
      _parent: [TCP],
      _parentWrap: [Socket],
      _secureContext: [SecureContext],
      reading: true,
      onkeylog: [Function: onkeylog],
      onhandshakestart: [Function: onhandshakestart],
      onhandshakedone: [Function: onhandshakedone],
      onclienthello: [Function: loadSession],
      oncertcb: [Function: loadSNI],
      onnewsession: [Function: onnewsession],
      lastHandshakeTime: 3651,
      handshakes: 0,
      onerror: [Function: onerror],
      _consumed: true,
      [Symbol(owner_symbol)]: [Circular *1]
    },
    [Symbol(verified)]: false,
    [Symbol(pendingSession)]: null,
    [Symbol(async_id_symbol)]: 35,
    [Symbol(kHandle)]: TLSWrap {
      _parent: [TCP],
      _parentWrap: [Socket],
      _secureContext: [SecureContext],
      reading: true,
      onkeylog: [Function: onkeylog],
      onhandshakestart: [Function: onhandshakestart],
      onhandshakedone: [Function: onhandshakedone],
      onclienthello: [Function: loadSession],
      oncertcb: [Function: loadSNI],
      onnewsession: [Function: onnewsession],
      lastHandshakeTime: 3651,
      handshakes: 0,
      onerror: [Function: onerror],
      _consumed: true,
      [Symbol(owner_symbol)]: [Circular *1]
    },
    [Symbol(kSetNoDelay)]: false,
    [Symbol(lastWriteQueueSize)]: 0,
    [Symbol(timeout)]: Timeout {
      _idleTimeout: -1,
      _idlePrev: null,
      _idleNext: null,
      _idleStart: 3651,
      _onTimeout: null,
      _timerArgs: undefined,
      _repeat: null,
      _destroyed: true,
      [Symbol(refed)]: false,
      [Symbol(kHasPrimitive)]: false,
      [Symbol(asyncId)]: 36,
      [Symbol(triggerId)]: 21
    },
    [Symbol(kBuffer)]: null,
    [Symbol(kBufferCb)]: null,
    [Symbol(kBufferGen)]: null,
    [Symbol(kCapture)]: false,
    [Symbol(kBytesRead)]: 0,
    [Symbol(kBytesWritten)]: 0,
    [Symbol(error-emitted)]: false,
    [Symbol(RequestTimeout)]: undefined
  },
  httpVersionMajor: 1,
  httpVersionMinor: 1,
  httpVersion: '1.1',
  complete: true,
  headers: {
    host: 'test.eronsoftware.com:5600',
    connection: 'keep-alive',
    'content-length': '55',
    'sec-ch-ua': '" Not A;Brand";v="99", "Chromium";v="102", "Google Chrome";v="102"',
    accept: 'text/plain',
    'content-type': 'text/plain',
    'sec-ch-ua-mobile': '?0',
    'user-agent': 'Mozilla/5.0 (Windows NT 10.0; Win64; x64) AppleWebKit/537.36 (KHTML, like Gecko) Chrome/102.0.0.0 Safari/537.36',
    'sec-ch-ua-platform': '"Windows"',
    origin: 'https://test.eronsoftware.com:5600',
    'sec-fetch-site': 'same-origin',
    'sec-fetch-mode': 'cors',
    'sec-fetch-dest': 'empty',
    referer: 'https://test.eronsoftware.com:5600/dokuman/admin/',
    'accept-encoding': 'gzip, deflate, br',
    'accept-language': 'tr-TR,tr;q=0.9,en-US;q=0.8,en;q=0.7'
  },
  rawHeaders: [
    'Host',
    'test.eronsoftware.com:5600',
    'Connection',
    'keep-alive',
    'Content-Length',
    '55',
    'sec-ch-ua',
    '" Not A;Brand";v="99", "Chromium";v="102", "Google Chrome";v="102"',
    'accept',
    'text/plain',
    'Content-Type',
    'text/plain',
    'sec-ch-ua-mobile',
    '?0',
    'User-Agent',
    'Mozilla/5.0 (Windows NT 10.0; Win64; x64) AppleWebKit/537.36 (KHTML, like Gecko) Chrome/102.0.0.0 Safari/537.36',
    'sec-ch-ua-platform',
    '"Windows"',
    'Origin',
    'https://test.eronsoftware.com:5600',
    'Sec-Fetch-Site',
    'same-origin',
    'Sec-Fetch-Mode',
    'cors',
    'Sec-Fetch-Dest',
    'empty',
    'Referer',
    'https://test.eronsoftware.com:5600/dokuman/admin/',
    'Accept-Encoding',
    'gzip, deflate, br',
    'Accept-Language',
    'tr-TR,tr;q=0.9,en-US;q=0.8,en;q=0.7'
  ],
  trailers: {},
  rawTrailers: [],
  aborted: false,
  upgrade: false,
  url: '/authentication/login',
  method: 'POST',
  statusCode: null,
  statusMessage: null,
  client: <ref *1> TLSSocket {
    _tlsOptions: {
      secureContext: [SecureContext],
      isServer: true,
      server: [Server],
      requestCert: false,
      rejectUnauthorized: true,
      handshakeTimeout: 120000,
      ALPNProtocols: <Buffer 08 68 74 74 70 2f 31 2e 31>,
      SNICallback: [Function: SNICallback],
      enableTrace: undefined,
      pauseOnConnect: false,
      pskCallback: undefined,
      pskIdentityHint: undefined
    },
    _secureEstablished: true,
    _securePending: false,
    _newSessionPending: false,
    _controlReleased: true,
    secureConnecting: false,
    _SNICallback: null,
    servername: 'test.eronsoftware.com',
    alpnProtocol: 'http/1.1',
    authorized: false,
    authorizationError: null,
    encrypted: true,
    _events: [Object: null prototype] {
      close: [Array],
      end: [Array],
      newListener: [Function: keylogNewListener],
      secure: [Function: onServerSocketSecure],
      _tlsError: [Function: onSocketTLSError],
      timeout: [Function: socketOnTimeout],
      data: [Function: bound socketOnData],
      error: [Function: socketOnError],
      drain: [Function: bound socketOnDrain],
      resume: [Function: onSocketResume],
      pause: [Function: onSocketPause]
    },
    _eventsCount: 11,
    connecting: false,
    _hadError: false,
    _parent: Socket {
      connecting: false,
      _hadError: false,
      _parent: null,
      _host: null,
      _readableState: [ReadableState],
      _events: [Object: null prototype],
      _eventsCount: 3,
      _maxListeners: undefined,
      _writableState: [WritableState],
      allowHalfOpen: false,
      _sockname: null,
      _pendingData: null,
      _pendingEncoding: '',
      server: [Server],
      _server: [Server],
      [Symbol(async_id_symbol)]: 34,
      [Symbol(kHandle)]: [TCP],
      [Symbol(kSetNoDelay)]: false,
      [Symbol(lastWriteQueueSize)]: 0,
      [Symbol(timeout)]: null,
      [Symbol(kBuffer)]: null,
      [Symbol(kBufferCb)]: null,
      [Symbol(kBufferGen)]: null,
      [Symbol(kCapture)]: false,
      [Symbol(kBytesRead)]: 0,
      [Symbol(kBytesWritten)]: 0
    },
    _host: null,
    _readableState: ReadableState {
      objectMode: false,
      highWaterMark: 16384,
      buffer: BufferList { head: null, tail: null, length: 0 },
      length: 0,
      pipes: [],
      flowing: true,
      ended: false,
      endEmitted: false,
      reading: true,
      sync: false,
      needReadable: true,
      emittedReadable: false,
      readableListening: false,
      resumeScheduled: false,
      errorEmitted: false,
      emitClose: false,
      autoDestroy: false,
      destroyed: false,
      errored: null,
      closed: false,
      closeEmitted: false,
      defaultEncoding: 'utf8',
      awaitDrainWriters: null,
      multiAwaitDrain: false,
      readingMore: false,
      dataEmitted: false,
      decoder: null,
      encoding: null,
      [Symbol(kPaused)]: false
    },
    _maxListeners: undefined,
    _writableState: WritableState {
      objectMode: false,
      highWaterMark: 16384,
      finalCalled: false,
      needDrain: false,
      ending: false,
      ended: false,
      finished: false,
      destroyed: false,
      decodeStrings: false,
      defaultEncoding: 'utf8',
      length: 0,
      writing: false,
      corked: 0,
      sync: true,
      bufferProcessing: false,
      onwrite: [Function: bound onwrite],
      writecb: null,
      writelen: 0,
      afterWriteTickInfo: null,
      buffered: [],
      bufferedIndex: 0,
      allBuffers: true,
      allNoop: true,
      pendingcb: 0,
      prefinished: false,
      errorEmitted: false,
      emitClose: false,
      autoDestroy: false,
      errored: null,
      closed: false,
      closeEmitted: false
    },
    allowHalfOpen: false,
    _sockname: null,
    _pendingData: null,
    _pendingEncoding: '',
    server: Server {
      maxHeaderSize: undefined,
      insecureHTTPParser: undefined,
      _contexts: [],
      requestCert: false,
      rejectUnauthorized: true,
      ALPNProtocols: <Buffer 08 68 74 74 70 2f 31 2e 31>,
      pfx: undefined,
      key: '-----BEGIN PRIVATE KEY-----\n' +
        'MIIEvQIBADANBgkqhkiG9w0BAQEFAASCBKcwggSjAgEAAoIBAQCnsgamrOpW9avX\n' +
        'JHceBzatf71zA56vyHkMXZu8/Y2iJvl4dx72hDucP+Z8ADMCrlEZdDlojpFpFeT9\n' +
        'xdfCUEgnmujwG5J+Kr0y3KOdy8N5VRPtLA0dtR6T6FjR8S2z2ABJxfk7L+yrg/Yv\n' +
        'aNyy5Tz0IOAvJViiN6/6Q4V4T9HEYhVASUYpLY8b9wl26zY6XpBJAllRuyzJulwF\n' +
        'Na0YrTTw5ohlHFFBowHAjIlS0FuVAfrdjAytsKfA1n4OsLkhH7qOpeM9K3M0h/uR\n' +
        '8ivVvYjU/ELCCQ7A2QIyo41XLO2osM8yrw+I+BiJZgr2QN/QyREJk/pdB4CqhaAk\n' +
        '2QM85gxHAgMBAAECggEAGfQsoVk7v4+wM9D5+pTFOp79lDJoOe5+BZLrSpm3dPQx\n' +
        'Qhq1mROoIiuloWVqf6y48oaRaARArxHrafdXyEQilrab/KVXy90TgS6yx/ZEX5/y\n' +
        'QI/Dy+g/PkcEkCGSoDX6/W/9fdKR/42h6X6CQdHG2EXKTKGsERcrTkFrA87euVTw\n' +
        'hEkED6XjDfiScpZqs/m8YcI8xAruVCO2BBIbeU7kOvUsy+rXBLZitWmbujbWjrc9\n' +
        'MTPhXoIKh7+24COCseopoYr0R+rakSTuPmLElG7MWcCvXPnRhaSkCfV5Oj0yzvZU\n' +
        'LXzY82eUfh4yDlPriJ0AheMEO+pyVymnNXk+SoRuCQKBgQDAjO2jwHm5ifk1dbKn\n' +
        'easeB63kmAbfj5pxSlGW4rZ7z5jrflVV7nPddZJcd1Xjs7MXXnB1hz6miyMb0NBe\n' +
        'KD3frIdFgV0pBIpAKBDeLrN2KaLU8/H8i8wVfOg/Ek49f/2P8ZQm11knpDmUziM7\n' +
        'DA/eaJcPfkwEsf/fRKVZoaBxXQKBgQDe9GK3xQ2315w+SFKlwsjj+FKmlzxBVnEh\n' +
        '4giehD8FAKioDgiBBxP/xusanSyPnbkY1z2mFPgzMD4u1VoDDcIxAadXOAd4JduS\n' +
        '5ZoN5L1Gn2kMisxTXOYdbnGNbKlBe0dsFWPwlllo8J1m7KC9KUMtJ5/1eOAf+/SE\n' +
        's97depgl8wKBgCaY2VX20i+oAaV+t1Ys5Gk7ntbwxofv0ESfYiV9wpik74FdLJvy\n' +
        'FZWx6KnSXgwrzF2F18MnXh6iS2JbBDmrlWONwPvkx5jeSRw9K8xtzhmElRhc4gf+\n' +
        'ueUgyalC8R4Q1vIQueLjTgLNP6GdhKBkdZXen1FCvtg+Gg1WRFLoPDIdAoGBAI3y\n' +
        'cAtqRQKgHlS0/RGWAwrJZe20aeN7Yonc+/nYXrsToU1lqdpkJEJ7ZeHK4b0KAPek\n' +
        'yhY8UY1dkKmGoklBcDp9QApSnMbM65AJ6FwiHrOg+GPI1q/YfJWOZHNTFCuhjmZs\n' +
        '8/UP9BrQ3pXR38CvTZqpGLlTXPZgFlyKnEDMNaQrAoGADbuZIB90vm3hbq+AMbHN\n' +
        'pG0K4aEUgByiuodd0/CdPCUZQCHLBP4uqlULvIb5McQFSLST9OOd7SFPC3u1gT44\n' +
        'B4bLUmeC/xx6Gso2zTY1E3X69v09hybipRRGbHpanMUikA0CMmMjjSUgk6WNdxjV\n' +
        '6Kiyy/MP5rPunnkH7+RIe4I=\n' +
        '-----END PRIVATE KEY-----\n',
      passphrase: undefined,
      cert: '-----BEGIN CERTIFICATE-----\n' +
        'MIIHlDCCBXygAwIBAgIQCKHngaJ3R1xQh9BD1c/AeDANBgkqhkiG9w0BAQsFADBc\n' +
        'MQswCQYDVQQGEwJVUzEXMBUGA1UEChMORGlnaUNlcnQsIEluYy4xNDAyBgNVBAMT\n' +
        'K1JhcGlkU1NMIEdsb2JhbCBUTFMgUlNBNDA5NiBTSEEyNTYgMjAyMiBDQTEwHhcN\n' +
        'MjIwNTMxMDAwMDAwWhcNMjMwNTMxMjM1OTU5WjAgMR4wHAYDVQQDExV0ZXN0LmVy\n' +
        'b25zb2Z0d2FyZS5jb20wggEiMA0GCSqGSIb3DQEBAQUAA4IBDwAwggEKAoIBAQCn\n' +
        'sgamrOpW9avXJHceBzatf71zA56vyHkMXZu8/Y2iJvl4dx72hDucP+Z8ADMCrlEZ\n' +
        'dDlojpFpFeT9xdfCUEgnmujwG5J+Kr0y3KOdy8N5VRPtLA0dtR6T6FjR8S2z2ABJ\n' +
        'xfk7L+yrg/YvaNyy5Tz0IOAvJViiN6/6Q4V4T9HEYhVASUYpLY8b9wl26zY6XpBJ\n' +
        'AllRuyzJulwFNa0YrTTw5ohlHFFBowHAjIlS0FuVAfrdjAytsKfA1n4OsLkhH7qO\n' +
        'peM9K3M0h/uR8ivVvYjU/ELCCQ7A2QIyo41XLO2osM8yrw+I+BiJZgr2QN/QyREJ\n' +
        'k/pdB4CqhaAk2QM85gxHAgMBAAGjggOMMIIDiDAfBgNVHSMEGDAWgBTwnIX9op99\n' +
        'j8lou9XUiU0dvtOQ/zAdBgNVHQ4EFgQU1keNqYayK/Ehzp8gs35Vn+VbwLAwIAYD\n' +
        'VR0RBBkwF4IVdGVzdC5lcm9uc29mdHdhcmUuY29tMA4GA1UdDwEB/wQEAwIFoDAd\n' +
        'BgNVHSUEFjAUBggrBgEFBQcDAQYIKwYBBQUHAwIwgZ8GA1UdHwSBlzCBlDBIoEag\n' +
        'RIZCaHR0cDovL2NybDMuZGlnaWNlcnQuY29tL1JhcGlkU1NMR2xvYmFsVExTUlNB\n' +
        'NDA5NlNIQTI1NjIwMjJDQTEuY3JsMEigRqBEhkJodHRwOi8vY3JsNC5kaWdpY2Vy\n' +
        'dC5jb20vUmFwaWRTU0xHbG9iYWxUTFNSU0E0MDk2U0hBMjU2MjAyMkNBMS5jcmww\n' +
        'PgYDVR0gBDcwNTAzBgZngQwBAgEwKTAnBggrBgEFBQcCARYbaHR0cDovL3d3dy5k\n' +
        'aWdpY2VydC5jb20vQ1BTMIGHBggrBgEFBQcBAQR7MHkwJAYIKwYBBQUHMAGGGGh0\n' +
        'dHA6Ly9vY3NwLmRpZ2ljZXJ0LmNvbTBRBggrBgEFBQcwAoZFaHR0cDovL2NhY2Vy\n' +
        'dHMuZGlnaWNlcnQuY29tL1JhcGlkU1NMR2xvYmFsVExTUlNBNDA5NlNIQTI1NjIw\n' +
        'MjJDQTEuY3J0MAkGA1UdEwQCMAAwggF8BgorBgEEAdZ5AgQCBIIBbASCAWgBZgB1\n' +
        'AOg+0No+9QY1MudXKLyJa8kD08vREWvs62nhd31tBr1uAAABgRpom68AAAQDAEYw\n' +
        'RAIgAmnHBKyhCXtK3SBMBzkif1maPuQ4iOK8QvkhaNZQoKUCIEbAZkl8NH7+QvEf\n' +
        'WIskHj3Fv7SaYzj9Sbm4YhHIhx3EAHYANc8ZG7+xbFe/D61MbULLu7YnICZR6j/h\n' +
        'Ku+oA8M71kwAAAGBGmia/QAABAMARzBFAiBLnOgVtykVySaidUP6nbPwKcl+4C0l\n' +
        'bBgN8LN8s4kb2gIhAPoGUMmeOdDtwmy85l1olFCEdEB3//N2fmY2yqDKv7n+AHUA\n' +
        's3N3B+GEUPhjhtYFqdwRCUp5LbFnDAuH3PADDnk2pZoAAAGBGmibGAAABAMARjBE\n' +
        'AiBFemd9TJtkvxmsyK8qHSRTb2YwCT54kTIEq+vZo8oIrgIgKt6gwtfMZzy2MZlb\n' +
        'wfjwMGs6lO2KclvyEhTQqD4bVSAwDQYJKoZIhvcNAQELBQADggIBAHTXspzEsl98\n' +
        'zYKfERI0Kr7yTtH3j4PPLGyOubx1YfSoiRREkKs/iUOGqmyjEM7PqqC1Y+UqifPF\n' +
        '6VFpRks8bxQ9+bCBdNEHuI+rLCpmvnCcjGcCgbsB/PDBObt4X5kGkynkUNQBa/gY\n' +
        'MwyFBveoxC2vaMypGXzm/cwQ21UKXAYWwbwd/JpXfgWotqw1z4iHhcORR+UOl2fr\n' +
        'sDZ7g4ENBWCeDCzy0dyKcpSjRa6YbqyhDP7vYEv/pYDIYBN2GMTnqgmKs9xQ3ktw\n' +
        'SSgd9SDkOOBf5+t+fqfioQ4dvx4GulJlTOXtvLgTdV7SxHi1XBBS78eX41MUl1bv\n' +
        'DHuAQCH4PsXRDhoZXKoTwGJOjN18nA9qGhb2g0nEXWpi80o8I+2BW7Fu0P1Bgdn2\n' +
        'EJF9lUS4bwGWmcZ/vzJw+lQVkuCzTyTO2+3zDmRNh4Ode5HyBWg1EHlumqdoti+k\n' +
        'Lf2xMl0VTIDhCVhSxdN83tVQ+dlAtpFx+yEmFH/01jwgnwwxO/rJ2ujPpPLaWOdv\n' +
        '61DTUYLyvEoMNxp1AA1lEPPKKbuxk8Rdb10F+67nScbBMR6PMGBPs6sOPnqdFEcP\n' +
        'k7GeqayvCY2hDveRbjDrtBXIcsxVPks62GS7h5ZJGVozqD86NDx/TLVTIL6CmxSt\n' +
        'O2VSd4SUI6HO2JbZI88VjIXgV9sNeAdr\n' +
        '-----END CERTIFICATE-----',
      clientCertEngine: undefined,
      ca: '-----BEGIN CERTIFICATE-----\n' +
        'MIIFyzCCBLOgAwIBAgIQCgWbJfVLPYeUzGYxR3U4ozANBgkqhkiG9w0BAQsFADBh\n' +
        'MQswCQYDVQQGEwJVUzEVMBMGA1UEChMMRGlnaUNlcnQgSW5jMRkwFwYDVQQLExB3\n' +
        'd3cuZGlnaWNlcnQuY29tMSAwHgYDVQQDExdEaWdpQ2VydCBHbG9iYWwgUm9vdCBD\n' +
        'QTAeFw0yMjA1MDQwMDAwMDBaFw0zMTExMDkyMzU5NTlaMFwxCzAJBgNVBAYTAlVT\n' +
        'MRcwFQYDVQQKEw5EaWdpQ2VydCwgSW5jLjE0MDIGA1UEAxMrUmFwaWRTU0wgR2xv\n' +
        'YmFsIFRMUyBSU0E0MDk2IFNIQTI1NiAyMDIyIENBMTCCAiIwDQYJKoZIhvcNAQEB\n' +
        'BQADggIPADCCAgoCggIBAKY5PJhwCX2UyBb1nelu9APen53D5+C40T+BOZfSFaB0\n' +
        'v0WJM3BGMsuiHZX2IHtwnjUhLL25d8tgLASaUNHCBNKKUlUGRXGztuDIeXb48d64\n' +
        'k7Gk7u7mMRSrj+yuLSWOKnK6OGKe9+s6oaVIjHXY+QX8p2I2S3uew0bW3BFpkeAr\n' +
        'LBCU25iqeaoLEOGIa09DVojd3qc/RKqr4P11173R+7Ub05YYhuIcSv8e0d7qN1sO\n' +
        '1+lfoNMVfV9WcqPABmOasNJ+ol0hAC2PTgRLy/VZo1L0HRMr6j8cbR7q0nKwdbn4\n' +
        'Ar+ZMgCgCcG9zCMFsuXYl/rqobiyV+8U37dDScAebZTIF/xPEvHcmGi3xxH6g+dT\n' +
        'CjetOjJx8sdXUHKXGXC9ka33q7EzQIYlZISF7EkbT5dZHsO2DOMVLBdP1N1oUp0/\n' +
        '1f6fc8uTDduELoKBRzTTZ6OOBVHeZyFZMMdi6tA5s/jxmb74lqH1+jQ6nTU2/Mma\n' +
        'hGNxUuJpyhUHezgBA6sto5lNeyqc+3Cr5ehFQzUuwNsJaWbDdQk1v7lqRaqOlYjn\n' +
        'iomOl36J5txTs0wL7etCeMRfyPsmc+8HmH77IYVMUOcPJb+0gNuSmAkvf5QXbgPI\n' +
        'Zursn/UYnP9obhNbHc/9LYdQkB7CXyX9mPexnDNO7pggNA2jpbEarLmZGi4grMmf\n' +
        'AgMBAAGjggGCMIIBfjASBgNVHRMBAf8ECDAGAQH/AgEAMB0GA1UdDgQWBBTwnIX9\n' +
        'op99j8lou9XUiU0dvtOQ/zAfBgNVHSMEGDAWgBQD3lA1VtFMu2bwo+IbG8OXsj3R\n' +
        'VTAOBgNVHQ8BAf8EBAMCAYYwHQYDVR0lBBYwFAYIKwYBBQUHAwEGCCsGAQUFBwMC\n' +
        'MHYGCCsGAQUFBwEBBGowaDAkBggrBgEFBQcwAYYYaHR0cDovL29jc3AuZGlnaWNl\n' +
        'cnQuY29tMEAGCCsGAQUFBzAChjRodHRwOi8vY2FjZXJ0cy5kaWdpY2VydC5jb20v\n' +
        'RGlnaUNlcnRHbG9iYWxSb290Q0EuY3J0MEIGA1UdHwQ7MDkwN6A1oDOGMWh0dHA6\n' +
        'Ly9jcmwzLmRpZ2ljZXJ0LmNvbS9EaWdpQ2VydEdsb2JhbFJvb3RDQS5jcmwwPQYD\n' +
        'VR0gBDYwNDALBglghkgBhv1sAgEwBwYFZ4EMAQEwCAYGZ4EMAQIBMAgGBmeBDAEC\n' +
        'AjAIBgZngQwBAgMwDQYJKoZIhvcNAQELBQADggEBAAfjh/s1f5dDdfm0sNm74/dW\n' +
        'MbbsxfYV1LoTpFt+3MSUWvSbiPQfUkoV57b5rutRJvnPP9mSlpFwcZ3e1nSUbi2o\n' +
        'ITGA7RCOj23I1F4zk0YJm42qAwJIqOVenR3XtyQ2VR82qhC6xslxtNf7f2Ndx2G7\n' +
        'Mem4wpFhyPDT2P6UJ2MnrD+FC//ZKH5/ERo96ghz8VqNlmL5RXo8Ks9rMr/Ad9xw\n' +
        'Y4hyRvAz5920myUffwdUqc0SvPlFnahsZg15uT5HkK48tHR0TLuLH8aRpzh4KJ/Y\n' +
        'p0sARNb+9i1R4Fg5zPNvHs2BbIve0vkwxAy+R4727qYzl3027w9jEFC6HMXRaDc=\n' +
        '-----END CERTIFICATE-----',
      minVersion: undefined,
      maxVersion: undefined,
      secureProtocol: undefined,
      crl: undefined,
      sigalgs: undefined,
      ciphers: undefined,
      ecdhCurve: undefined,
      dhparam: undefined,
      honorCipherOrder: true,
      secureOptions: undefined,
      sessionIdContext: '298aee5f16d329c53a9cbc5410d981d8',
      privateKeyIdentifier: undefined,
      privateKeyEngine: undefined,
      _sharedCreds: [SecureContext],
      _events: [Object: null prototype],
      _eventsCount: 4,
      _maxListeners: undefined,
      _connections: 1,
      _handle: [TCP],
      _usingWorkers: false,
      _workers: [],
      _unref: false,
      allowHalfOpen: false,
      pauseOnConnect: false,
      httpAllowHalfOpen: false,
      timeout: 0,
      keepAliveTimeout: 5000,
      maxHeadersCount: null,
      headersTimeout: 60000,
      requestTimeout: 0,
      _connectionKey: '6::::5600',
      [Symbol(IncomingMessage)]: [Function: IncomingMessage],
      [Symbol(ServerResponse)]: [Function: ServerResponse],
      [Symbol(handshake-timeout)]: 120000,
      [Symbol(snicallback)]: undefined,
      [Symbol(pskcallback)]: undefined,
      [Symbol(pskidentityhint)]: undefined,
      [Symbol(kCapture)]: false,
      [Symbol(async_id_symbol)]: 21,
      [Symbol(enableTrace)]: undefined
    },
    _server: null,
    ssl: TLSWrap {
      _parent: [TCP],
      _parentWrap: [Socket],
      _secureContext: [SecureContext],
      reading: true,
      onkeylog: [Function: onkeylog],
      onhandshakestart: [Function: onhandshakestart],
      onhandshakedone: [Function: onhandshakedone],
      onclienthello: [Function: loadSession],
      oncertcb: [Function: loadSNI],
      onnewsession: [Function: onnewsession],
      lastHandshakeTime: 3651,
      handshakes: 0,
      onerror: [Function: onerror],
      _consumed: true,
      [Symbol(owner_symbol)]: [Circular *1]
    },
    _requestCert: false,
    _rejectUnauthorized: true,
    timeout: 0,
    parser: HTTPParser {
      '0': [Function: bound setRequestTimeout],
      '1': [Function: parserOnHeaders],
      '2': [Function: parserOnHeadersComplete],
      '3': [Function: parserOnBody],
      '4': [Function: parserOnMessageComplete],
      '5': [Function: bound onParserExecute],
      '6': [Function: bound onParserTimeout],
      _headers: [],
      _url: '',
      socket: [Circular *1],
      incoming: [Circular *2],
      outgoing: null,
      maxHeaderPairs: 2000,
      _consumed: true,
      onIncoming: [Function: bound parserOnIncoming],
      [Symbol(resource_symbol)]: [HTTPServerAsyncResource]
    },
    on: [Function: socketListenerWrap],
    addListener: [Function: socketListenerWrap],
    prependListener: [Function: socketListenerWrap],
    _paused: false,
    _httpMessage: ServerResponse {
      _events: [Object: null prototype],
      _eventsCount: 1,
      _maxListeners: undefined,
      outputData: [],
      outputSize: 0,
      writable: true,
      destroyed: false,
      _last: false,
      chunkedEncoding: false,
      shouldKeepAlive: true,
      _defaultKeepAlive: true,
      useChunkedEncodingByDefault: true,
      sendDate: true,
      _removedConnection: false,
      _removedContLen: false,
      _removedTE: false,
      _contentLength: null,
      _hasBody: true,
      _trailer: '',
      finished: false,
      _headerSent: false,
      socket: [Circular *1],
      _header: null,
      _keepAliveTimeout: 5000,
      _onPendingData: [Function: bound updateOutgoingData],
      _sent100: false,
      _expect_continue: false,
      req: [Circular *2],
      locals: [Object: null prototype] {},
      [Symbol(kCapture)]: false,
      [Symbol(kNeedDrain)]: false,
      [Symbol(corked)]: 0,
      [Symbol(kOutHeaders)]: [Object: null prototype]
    },
    _peername: { address: '::ffff:170.84.252.182', family: 'IPv6', port: 50298 },
    [Symbol(res)]: TLSWrap {
      _parent: [TCP],
      _parentWrap: [Socket],
      _secureContext: [SecureContext],
      reading: true,
      onkeylog: [Function: onkeylog],
      onhandshakestart: [Function: onhandshakestart],
      onhandshakedone: [Function: onhandshakedone],
      onclienthello: [Function: loadSession],
      oncertcb: [Function: loadSNI],
      onnewsession: [Function: onnewsession],
      lastHandshakeTime: 3651,
      handshakes: 0,
      onerror: [Function: onerror],
      _consumed: true,
      [Symbol(owner_symbol)]: [Circular *1]
    },
    [Symbol(verified)]: false,
    [Symbol(pendingSession)]: null,
    [Symbol(async_id_symbol)]: 35,
    [Symbol(kHandle)]: TLSWrap {
      _parent: [TCP],
      _parentWrap: [Socket],
      _secureContext: [SecureContext],
      reading: true,
      onkeylog: [Function: onkeylog],
      onhandshakestart: [Function: onhandshakestart],
      onhandshakedone: [Function: onhandshakedone],
      onclienthello: [Function: loadSession],
      oncertcb: [Function: loadSNI],
      onnewsession: [Function: onnewsession],
      lastHandshakeTime: 3651,
      handshakes: 0,
      onerror: [Function: onerror],
      _consumed: true,
      [Symbol(owner_symbol)]: [Circular *1]
    },
    [Symbol(kSetNoDelay)]: false,
    [Symbol(lastWriteQueueSize)]: 0,
    [Symbol(timeout)]: Timeout {
      _idleTimeout: -1,
      _idlePrev: null,
      _idleNext: null,
      _idleStart: 3651,
      _onTimeout: null,
      _timerArgs: undefined,
      _repeat: null,
      _destroyed: true,
      [Symbol(refed)]: false,
      [Symbol(kHasPrimitive)]: false,
      [Symbol(asyncId)]: 36,
      [Symbol(triggerId)]: 21
    },
    [Symbol(kBuffer)]: null,
    [Symbol(kBufferCb)]: null,
    [Symbol(kBufferGen)]: null,
    [Symbol(kCapture)]: false,
    [Symbol(kBytesRead)]: 0,
    [Symbol(kBytesWritten)]: 0,
    [Symbol(error-emitted)]: false,
    [Symbol(RequestTimeout)]: undefined
  },
  _consuming: false,
  _dumped: false,
  next: [Function: next],
  baseUrl: '/admin',
  originalUrl: '/admin/authentication/login',
  _parsedUrl: Url {
    protocol: null,
    slashes: null,
    auth: null,
    host: null,
    port: null,
    hostname: null,
    hash: null,
    search: null,
    query: null,
    pathname: '/authentication/login',
    path: '/authentication/login',
    href: '/authentication/login',
    _raw: '/authentication/login'
  },
  params: { parametre: 'login' },
  query: {},
  res: <ref *3> ServerResponse {
    _events: [Object: null prototype] { finish: [Array] },
    _eventsCount: 1,
    _maxListeners: undefined,
    outputData: [],
    outputSize: 0,
    writable: true,
    destroyed: false,
    _last: false,
    chunkedEncoding: false,
    shouldKeepAlive: true,
    _defaultKeepAlive: true,
    useChunkedEncodingByDefault: true,
    sendDate: true,
    _removedConnection: false,
    _removedContLen: false,
    _removedTE: false,
    _contentLength: null,
    _hasBody: true,
    _trailer: '',
    finished: false,
    _headerSent: false,
    socket: <ref *1> TLSSocket {
      _tlsOptions: [Object],
      _secureEstablished: true,
      _securePending: false,
      _newSessionPending: false,
      _controlReleased: true,
      secureConnecting: false,
      _SNICallback: null,
      servername: 'test.eronsoftware.com',
      alpnProtocol: 'http/1.1',
      authorized: false,
      authorizationError: null,
      encrypted: true,
      _events: [Object: null prototype],
      _eventsCount: 11,
      connecting: false,
      _hadError: false,
      _parent: [Socket],
      _host: null,
      _readableState: [ReadableState],
      _maxListeners: undefined,
      _writableState: [WritableState],
      allowHalfOpen: false,
      _sockname: null,
      _pendingData: null,
      _pendingEncoding: '',
      server: [Server],
      _server: null,
      ssl: [TLSWrap],
      _requestCert: false,
      _rejectUnauthorized: true,
      timeout: 0,
      parser: [HTTPParser],
      on: [Function: socketListenerWrap],
      addListener: [Function: socketListenerWrap],
      prependListener: [Function: socketListenerWrap],
      _paused: false,
      _httpMessage: [Circular *3],
      _peername: [Object],
      [Symbol(res)]: [TLSWrap],
      [Symbol(verified)]: false,
      [Symbol(pendingSession)]: null,
      [Symbol(async_id_symbol)]: 35,
      [Symbol(kHandle)]: [TLSWrap],
      [Symbol(kSetNoDelay)]: false,
      [Symbol(lastWriteQueueSize)]: 0,
      [Symbol(timeout)]: Timeout {
        _idleTimeout: -1,
        _idlePrev: null,
        _idleNext: null,
        _idleStart: 3651,
        _onTimeout: null,
        _timerArgs: undefined,
        _repeat: null,
        _destroyed: true,
        [Symbol(refed)]: false,
        [Symbol(kHasPrimitive)]: false,
        [Symbol(asyncId)]: 36,
        [Symbol(triggerId)]: 21
      },
      [Symbol(kBuffer)]: null,
      [Symbol(kBufferCb)]: null,
      [Symbol(kBufferGen)]: null,
      [Symbol(kCapture)]: false,
      [Symbol(kBytesRead)]: 0,
      [Symbol(kBytesWritten)]: 0,
      [Symbol(error-emitted)]: false,
      [Symbol(RequestTimeout)]: undefined
    },
    _header: null,
    _keepAliveTimeout: 5000,
    _onPendingData: [Function: bound updateOutgoingData],
    _sent100: false,
    _expect_continue: false,
    req: [Circular *2],
    locals: [Object: null prototype] {},
    [Symbol(kCapture)]: false,
    [Symbol(kNeedDrain)]: false,
    [Symbol(corked)]: 0,
    [Symbol(kOutHeaders)]: [Object: null prototype] {
      'x-powered-by': [Array],
      'access-control-allow-origin': [Array],
      vary: [Array]
    }
  },
  body: {},
  route: Route {
    path: '/authentication/:parametre',
    stack: [ [Layer] ],
    methods: { _all: true }
  },
  [Symbol(kCapture)]: false,
  [Symbol(RequestTimeout)]: undefined
}
Worker kapandı. ID: c2eb0873cbf98dc0d1885087f1ccd365
ekremTest WAPI : 5600 - 20/06/2022 13:51:09
ekremTest WAPI : 5600 - 20/06/2022 13:51:36
{}
[
  {
    S: 'H',
    HATA_KODU: '801',
    HATA_ACIKLAMASI: 'BODY-JSON Parse Hatası'
  }
]
{}
Worker kapandı. ID: 24b257b4b30f4bcf15a12a41dbedacfc
ekremTest WAPI : 5600 - 20/06/2022 13:52:58
{
  "e_kullanici_adi": "ekrem",
  "e_sifre": "123456"
}
[
  {
    S: 'T',
    MESAJ: 'Giriş Başarılı!',
    UTOKEN: 'B943B37A-4956-4919-90F2-DACA61BA87CC',
    PID: '2'
  }
]
{
  "e_kullanici_adi": "ekrem",
  "e_sifre": "123456"
}
Worker kapandı. ID: b65b8eec601fd46738d8a44897875cef
ekremTest WAPI : 5600 - 20/06/2022 13:54:54
ekremTest WAPI : 5600 - 20/06/2022 13:55:05
{
  "e_kullanici_adi": "ekrem",
  "e_sifre": "123456"
}
ekremTest WAPI : 5600 - 20/06/2022 13:55:23
Worker kapandı. ID: da718493145036f9d670dd7c6076879f
Worker kapandı. ID: 7f4215ca0d77c5e7ef7f4cdb9b4c59dc
Worker kapandı. ID: 58d3aec431a03117d95b4d7629fe3901
Worker kapandı. ID: 65091df10ac7eccbfb5a28066359bb00
Worker kapandı. ID: d8aebf445116fda5bb19cf091e355365
Worker kapandı. ID: 3955c5261317caf42df64bcba87063f3
Worker kapandı. ID: 8b347045ea76a28965b8748ef677331f
ekremTest WAPI : 5600 - 20/06/2022 14:06:27
ekremTest WAPI : 5600 - 20/06/2022 14:12:11
ekremTest WAPI : 5600 - 20/06/2022 14:14:03
ekremTest WAPI : 5600 - 20/06/2022 14:16:48
Worker kapandı. ID: 978f2a04b1074decb3f13803548a97d6
Worker kapandı. ID: 77ccb1b9def5b609da4790f0f0d0b545
Worker kapandı. ID: ac97a7bcc8eed9befc3df9bdfd7c0c72
Worker kapandı. ID: a1fb76d164334ed5774f409c7bc90390
ekremTest WAPI : 5600 - 20/06/2022 14:25:05
Worker kapandı. ID: eb542b66d064ce20f3bbde27c6c1b347
ekremTest WAPI : 5600 - 20/06/2022 14:25:38
ekremTest WAPI : 5600 - 20/06/2022 14:25:50
ekremTest WAPI : 5600 - 20/06/2022 14:26:02
ekremTest WAPI : 5600 - 20/06/2022 14:26:05
ekremTest WAPI : 5600 - 20/06/2022 14:26:26
ekremTest WAPI : 5600 - 20/06/2022 14:26:29
ekremTest WAPI : 5600 - 20/06/2022 14:31:26
Worker kapandı. ID: 9014ea9aa717588df95b7c8590ccb061
ekremTest WAPI : 5600 - 20/06/2022 14:32:57
[
  {
    S: 'T',
    MESAJ: 'Giriş Başarılı!',
    UTOKEN: '10BF0FDF-2EBD-4C41-924C-E95E4B7D5EC9',
    PID: '2'
  }
]
[
  {
    S: 'T',
    MESAJ: 'Giriş Başarılı!',
    UTOKEN: 'C609ECBE-0EA6-4599-80CB-F55B7EB87531',
    PID: '2'
  }
]
ekremTest WAPI : 5600 - 20/06/2022 14:33:30
[
  {
    S: 'T',
    MESAJ: 'Giriş Başarılı!',
    UTOKEN: '97BA9CE8-EEF8-4152-A33A-D0F2C04BF501',
    PID: '2'
  }
]
[
  {
    S: 'T',
    MESAJ: 'Giriş Başarılı!',
    UTOKEN: 'F1B3B8F5-B50F-47ED-BB7E-E85112F4F514',
    PID: '2'
  }
]
ekremTest WAPI : 5600 - 20/06/2022 14:34:01
[
  {
    S: 'T',
    MESAJ: 'Giriş Başarılı!',
    UTOKEN: 'FE8C8073-B3BE-4661-9F84-9E579EA128E6',
    PID: '2'
  }
]
ekremTest WAPI : 5600 - 20/06/2022 14:34:19
[
  {
    S: 'T',
    MESAJ: 'Giriş Başarılı!',
    UTOKEN: '3C61A925-D7F3-4EAD-B9D9-4802E7B33348',
    PID: '2'
  }
]
Worker kapandı. ID: 1f7d287c1100a9f4c97c8b4d4302e6e0
ekremTest WAPI : 5600 - 20/06/2022 14:34:42
Worker kapandı. ID: da8689b93cee2633958464c802b9c3eb
ekremTest WAPI : 5600 - 20/06/2022 14:35:24
Worker kapandı. ID: 30825bdf0b8c52151c606e393ac3cda1
Worker kapandı. ID: d4d4a73b265aa77b929ce6af8d05e2aa
null
ekremTest WAPI : 5600 - 20/06/2022 14:37:19
{
  IP: '::ffff:170.84.252.182',
  url: 'kullaniciListesi',
  reqMethod: 'GET',
  reqHeaders: {
    host: 'test.eronsoftware.com:5600',
    connection: 'keep-alive',
    'sec-ch-ua': '" Not A;Brand";v="99", "Chromium";v="102", "Google Chrome";v="102"',
    accept: 'text/plain',
    utoken: 'BF7DA275-B179-4526-9A3B-5CE91E37012B',
    'sec-ch-ua-mobile': '?0',
    'user-agent': 'Mozilla/5.0 (Windows NT 10.0; Win64; x64) AppleWebKit/537.36 (KHTML, like Gecko) Chrome/102.0.0.0 Safari/537.36',
    'sec-ch-ua-platform': '"Windows"',
    'sec-fetch-site': 'same-origin',
    'sec-fetch-mode': 'cors',
    'sec-fetch-dest': 'empty',
    referer: 'https://test.eronsoftware.com:5600/dokuman/admin/',
    'accept-encoding': 'gzip, deflate, br',
    'accept-language': 'tr-TR,tr;q=0.9,en-US;q=0.8,en;q=0.7',
    'if-none-match': 'W/"49-c1LeXRhb3tGJSj5zn0+P24KrfMI"'
  },
  reqBody: {}
}
Worker kapandı. ID: bc6927b48fda2981e8f2ca1c1228faa8
ekremTest WAPI : 5600 - 20/06/2022 14:37:46
ekremTest WAPI : 5600 - 20/06/2022 14:38:05
ekremTest WAPI : 5600 - 20/06/2022 14:38:13
ekremTest WAPI : 5600 - 20/06/2022 14:41:00
Worker kapandı. ID: 3a25ca3877de3603b9a05522d27fb872
null
ekremTest WAPI : 5600 - 20/06/2022 14:41:40
{
  IP: '::ffff:170.84.252.182',
  url: 'kullaniciListesi',
  reqMethod: 'GET',
  reqHeaders: {
    host: 'test.eronsoftware.com:5600',
    connection: 'keep-alive',
    'sec-ch-ua': '" Not A;Brand";v="99", "Chromium";v="102", "Google Chrome";v="102"',
    accept: 'text/plain',
    utoken: 'BF7DA275-B179-4526-9A3B-5CE91E37012B',
    'sec-ch-ua-mobile': '?0',
    'user-agent': 'Mozilla/5.0 (Windows NT 10.0; Win64; x64) AppleWebKit/537.36 (KHTML, like Gecko) Chrome/102.0.0.0 Safari/537.36',
    'sec-ch-ua-platform': '"Windows"',
    'sec-fetch-site': 'same-origin',
    'sec-fetch-mode': 'cors',
    'sec-fetch-dest': 'empty',
    referer: 'https://test.eronsoftware.com:5600/dokuman/admin/',
    'accept-encoding': 'gzip, deflate, br',
    'accept-language': 'tr-TR,tr;q=0.9,en-US;q=0.8,en;q=0.7',
    'if-none-match': 'W/"49-c1LeXRhb3tGJSj5zn0+P24KrfMI"'
  },
  reqBody: {}
}
Worker kapandı. ID: 092ee9f5dc046d351a3f1a3964e4bdb4
null
ekremTest WAPI : 5600 - 20/06/2022 14:43:01
{
  IP: '::ffff:170.84.252.182',
  url: 'kullaniciListesi',
  reqMethod: 'GET',
  reqHeaders: {
    host: 'test.eronsoftware.com:5600',
    connection: 'keep-alive',
    'sec-ch-ua': '" Not A;Brand";v="99", "Chromium";v="102", "Google Chrome";v="102"',
    accept: 'text/plain',
    utoken: 'BF7DA275-B179-4526-9A3B-5CE91E37012B',
    'sec-ch-ua-mobile': '?0',
    'user-agent': 'Mozilla/5.0 (Windows NT 10.0; Win64; x64) AppleWebKit/537.36 (KHTML, like Gecko) Chrome/102.0.0.0 Safari/537.36',
    'sec-ch-ua-platform': '"Windows"',
    'sec-fetch-site': 'same-origin',
    'sec-fetch-mode': 'cors',
    'sec-fetch-dest': 'empty',
    referer: 'https://test.eronsoftware.com:5600/dokuman/admin/',
    'accept-encoding': 'gzip, deflate, br',
    'accept-language': 'tr-TR,tr;q=0.9,en-US;q=0.8,en;q=0.7',
    'if-none-match': 'W/"49-c1LeXRhb3tGJSj5zn0+P24KrfMI"'
  },
  reqBody: {}
}
Worker kapandı. ID: dd5edcd64a7a97f179ba44c695fb9e46
null
ekremTest WAPI : 5600 - 20/06/2022 14:43:19
Worker kapandı. ID: 027e01ecaec3526901f22f50ae7927d9
null
ekremTest WAPI : 5600 - 20/06/2022 14:44:27
Worker kapandı. ID: fe940b9a7c6be80106a47e9162043f8e
{
  IP: '::ffff:170.84.252.182',
  url: 'kullaniciListesi',
  reqMethod: 'GET',
  reqHeaders: {
    host: 'test.eronsoftware.com:5600',
    connection: 'keep-alive',
    'sec-ch-ua': '" Not A;Brand";v="99", "Chromium";v="102", "Google Chrome";v="102"',
    accept: 'text/plain',
    utoken: '5CD49843-90E8-4BBB-8C4F-5A0581FB76B1',
    'sec-ch-ua-mobile': '?0',
    'user-agent': 'Mozilla/5.0 (Windows NT 10.0; Win64; x64) AppleWebKit/537.36 (KHTML, like Gecko) Chrome/102.0.0.0 Safari/537.36',
    'sec-ch-ua-platform': '"Windows"',
    'sec-fetch-site': 'same-origin',
    'sec-fetch-mode': 'cors',
    'sec-fetch-dest': 'empty',
    referer: 'https://test.eronsoftware.com:5600/dokuman/admin/',
    'accept-encoding': 'gzip, deflate, br',
    'accept-language': 'tr-TR,tr;q=0.9,en-US;q=0.8,en;q=0.7',
    'if-none-match': 'W/"62-F2Ir3GBDT9gL2GU5hNqzanZ83i8"'
  },
  reqBody: ''
}
Worker kapandı. ID: b075e5a40ff79e77fb782d4a88b153b6
ekremTest WAPI : 5600 - 20/06/2022 14:46:45
girdim
Worker kapandı. ID: 177c1bfe519c16da3e61a5e0f955e36c
ekremTest WAPI : 5600 - 20/06/2022 14:47:17
ekremTest WAPI : 5600 - 20/06/2022 14:48:30
girdim
[
  {
    e_id: 1,
    e_kullanici_adi: 'anıl',
    e_sifre: '123456',
    e_silindimi: false,
    e_token: 'CB14AE0D-C327-4CAF-A511-318F8F84D956',
    e_token_gecerlilik_suresi: '2022-06-08T11:12:00',
    e_token_ip: '172.16.16.29',
    e_durum: 'Aktif'
  },
  {
    e_id: 2,
    e_kullanici_adi: 'ekrem',
    e_sifre: '123456',
    e_silindimi: false,
    e_token: '5CD49843-90E8-4BBB-8C4F-5A0581FB76B1',
    e_token_gecerlilik_suresi: '2022-06-20T17:49:00',
    e_token_ip: '::ffff:170.84.252.182',
    e_durum: 'Aktif'
  }
]
Worker kapandı. ID: e5d618f0941282597105c0d8dcc55c5c
ekremTest WAPI : 5600 - 20/06/2022 14:49:35
girdim
[
  {
    e_id: 1,
    e_kullanici_adi: 'anıl',
    e_sifre: '123456',
    e_silindimi: false,
    e_token: 'CB14AE0D-C327-4CAF-A511-318F8F84D956',
    e_token_gecerlilik_suresi: '2022-06-08T11:12:00',
    e_token_ip: '172.16.16.29',
    e_durum: 'Aktif'
  },
  {
    e_id: 2,
    e_kullanici_adi: 'ekrem',
    e_sifre: '123456',
    e_silindimi: false,
    e_token: '5CD49843-90E8-4BBB-8C4F-5A0581FB76B1',
    e_token_gecerlilik_suresi: '2022-06-20T17:50:00',
    e_token_ip: '::ffff:170.84.252.182',
    e_durum: 'Aktif'
  }
]
Worker kapandı. ID: 62ba49ab913c663a15fd15f3ac90fff0
ekremTest WAPI : 5600 - 20/06/2022 14:51:43
girdim
[
  {
    e_id: 1,
    e_kullanici_adi: 'anıl',
    e_sifre: '123456',
    e_silindimi: false,
    e_token: 'CB14AE0D-C327-4CAF-A511-318F8F84D956',
    e_token_gecerlilik_suresi: '2022-06-08T11:12:00',
    e_token_ip: '172.16.16.29',
    e_durum: 'Aktif'
  },
  {
    e_id: 2,
    e_kullanici_adi: 'ekrem',
    e_sifre: '123456',
    e_silindimi: false,
    e_token: '5CD49843-90E8-4BBB-8C4F-5A0581FB76B1',
    e_token_gecerlilik_suresi: '2022-06-20T17:52:00',
    e_token_ip: '::ffff:170.84.252.182',
    e_durum: 'Aktif'
  }
]
Worker kapandı. ID: 9655b19d42c7bbea04abd37cb8b153aa
ekremTest WAPI : 5600 - 20/06/2022 14:52:47
Worker kapandı. ID: 230a2047cb0e1108283618f4a3440c84
girdim
Worker kapandı. ID: 237e2b1e49849ab2982f67526566f21c
ekremTest WAPI : 5600 - 20/06/2022 14:53:57
Worker kapandı. ID: b544133a28b9f4247f0c2211b859d39e
Worker kapandı. ID: 4fa85790abe679e50d013a226da3902f
Worker kapandı. ID: 79e1d722351bd24af7932c58eb96f51c
Worker kapandı. ID: 24670044dcffbf8a2f5d7a0f12bd5c96
ekremTest WAPI : 5600 - 20/06/2022 15:05:12
ekremTest WAPI : 5600 - 20/06/2022 15:06:40
Worker kapandı. ID: 721188f8130f9c95e5b44602ea74c6fc
Worker kapandı. ID: dbfd64f3bd302f4a8b60f86f5cea4154
Worker kapandı. ID: 893be66eb0a6cc08cece9de0ea0021de
Worker kapandı. ID: 4d84f02180bf2c41e9ad129318ec6c57
Worker kapandı. ID: d51e5b41f8ce15d474464b0f0b6bae6b
Worker kapandı. ID: dc9f51e1199554ea2e1c2201d7f35622
Worker kapandı. ID: f33ffb4050e4c6632cf66c79fde4e1c5
ekremTest WAPI : 5600 - 20/06/2022 15:12:18
ekremTest WAPI : 5600 - 20/06/2022 15:12:23
Worker kapandı. ID: d835178fd2c28cec97739d9b7d3675ac
Worker kapandı. ID: 0f839327399e3cee78bccaec9ea08909
Worker kapandı. ID: d611008196a3808566fb53c81d57a72d
Worker kapandı. ID: ef7864728b87b168fed779f55b1c4819
Worker kapandı. ID: 0dfe034d9f17b69c0d55cf8e91739b6e
Worker kapandı. ID: 10304a42098f8b8800132d9e56b795c7
Worker kapandı. ID: 536d9d497caac09f78919b96e8f4d85e
Worker kapandı. ID: c404945a67cd592edc35c372a03133ea
Worker kapandı. ID: 595ebd7f9a3991a17cf6acf1e24f6a2e
ekremTest WAPI : 5600 - 20/06/2022 15:16:07
Worker kapandı. ID: 0c28b5a0aaa011f2db72affdd6f8d051
ekremTest WAPI : 5600 - 20/06/2022 15:18:47
Worker kapandı. ID: 76c70bc50a4a24c1efb7b8f7ccba5395
ekremTest WAPI : 5600 - 20/06/2022 15:40:52
Worker kapandı. ID: 6869d1adc7751e16aca3ffb8f789b7c5
Worker kapandı. ID: 190376ecbeec58b1a9d0d1aae5e402f7
ekremTest WAPI : 5600 - 20/06/2022 15:41:25
Worker kapandı. ID: a7df85d3b76ad77c007e64dd31195110
ekremTest WAPI : 5600 - 25/06/2022 08:50:47
laCartera WAPI : 5600 - 25/06/2022 15:34:12
laCartera WAPI : 5600 - 25/06/2022 15:34:14
laCartera WAPI : 5600 - 25/06/2022 15:34:16
laCartera WAPI : 5600 - 25/06/2022 15:34:18
laCartera WAPI : 5600 - 25/06/2022 15:34:20
laCartera WAPI : 5600 - 25/06/2022 15:34:21
laCartera WAPI : 5600 - 25/06/2022 15:34:23
laCartera WAPI : 5600 - 25/06/2022 15:34:25
laCartera WAPI : 5600 - 25/06/2022 15:34:27
laCartera WAPI : 5600 - 25/06/2022 15:34:29
laCartera WAPI : 5600 - 25/06/2022 15:34:30
laCartera WAPI : 5600 - 25/06/2022 15:34:32
laCartera WAPI : 5600 - 25/06/2022 15:34:34
laCartera WAPI : 5600 - 25/06/2022 15:34:36
laCartera WAPI : 5600 - 25/06/2022 15:34:37
laCartera WAPI : 5600 - 25/06/2022 15:34:39
laCartera WAPI : 5600 - 25/06/2022 15:34:42
laCartera WAPI : 5600 - 25/06/2022 15:34:44
laCartera WAPI : 5600 - 25/06/2022 15:38:33
laCartera WAPI : 5600 - 25/06/2022 15:38:35
laCartera WAPI : 5600 - 25/06/2022 15:38:37
laCartera WAPI : 5600 - 25/06/2022 15:38:39
laCartera WAPI : 5600 - 25/06/2022 15:38:40
laCartera WAPI : 5600 - 25/06/2022 15:38:42
laCartera WAPI : 5600 - 25/06/2022 15:38:44
laCartera WAPI : 5600 - 25/06/2022 15:38:46
laCartera WAPI : 5600 - 25/06/2022 15:38:47
laCartera WAPI : 5600 - 25/06/2022 15:38:49
laCartera WAPI : 5600 - 25/06/2022 15:38:51
laCartera WAPI : 5600 - 25/06/2022 15:38:53
laCartera WAPI : 5600 - 25/06/2022 15:38:54
laCartera WAPI : 5600 - 25/06/2022 15:38:56
laCartera WAPI : 5770 - 25/06/2022 15:38:59
laCartera WAPI : 5770 - 25/06/2022 15:52:55
laCartera WAPI : 5770 - 25/06/2022 15:53:57
laCartera WAPI : 5770 - 25/06/2022 15:54:18
laCartera WAPI : 5770 - 25/06/2022 15:55:02
laCartera WAPI : 5770 - 25/06/2022 15:55:07
laCartera WAPI : 5770 - 25/06/2022 15:57:27
laCartera WAPI : 5770 - 25/06/2022 15:57:47
laCartera WAPI : 5770 - 25/06/2022 15:57:50
laCartera WAPI : 5770 - 25/06/2022 15:57:53
laCartera WAPI : 5770 - 25/06/2022 16:09:37
laCartera WAPI : 5770 - 25/06/2022 16:12:41
laCartera WAPI : 5770 - 25/06/2022 16:21:59
laCartera WAPI : 5770 - 25/06/2022 16:25:49
laCartera WAPI : 5770 - 25/06/2022 16:26:00
laCartera WAPI : 5770 - 25/06/2022 16:28:35
laCartera WAPI : 5770 - 25/06/2022 16:29:22
laCartera WAPI : 5770 - 25/06/2022 16:30:14
laCartera WAPI : 5770 - 25/06/2022 16:30:48
laCartera WAPI : 5770 - 25/06/2022 16:30:59
laCartera WAPI : 5770 - 25/06/2022 16:31:05
laCartera WAPI : 5770 - 25/06/2022 16:31:16
laCartera WAPI : 5770 - 25/06/2022 16:32:00
laCartera WAPI : 5770 - 25/06/2022 16:32:53
laCartera WAPI : 5770 - 25/06/2022 16:33:02
laCartera WAPI : 5770 - 25/06/2022 16:33:35
laCartera WAPI : 5770 - 25/06/2022 16:35:05
laCartera WAPI : 5770 - 25/06/2022 16:36:22
laCartera WAPI : 5770 - 25/06/2022 16:36:44
laCartera WAPI : 5770 - 25/06/2022 16:37:03
laCartera WAPI : 5770 - 25/06/2022 16:37:05
laCartera WAPI : 5770 - 25/06/2022 16:39:50
laCartera WAPI : 5770 - 25/06/2022 16:39:58
laCartera WAPI : 5770 - 25/06/2022 16:40:10
laCartera WAPI : 5770 - 25/06/2022 16:40:11
laCartera WAPI : 5770 - 25/06/2022 16:55:16
laCartera WAPI : 5770 - 25/06/2022 16:56:51
laCartera WAPI : 5770 - 25/06/2022 16:58:29
laCartera WAPI : 5770 - 25/06/2022 16:59:11
{ recordsets: [ [ [Object] ] ] }
laCartera WAPI : 5770 - 25/06/2022 17:01:38
laCartera WAPI : 5770 - 25/06/2022 17:04:41
laCartera WAPI : 5770 - 25/06/2022 17:07:12
laCartera WAPI : 5770 - 25/06/2022 17:07:27
/uploads/stokKartIslemleri/20459156.jpg
laCartera WAPI : 5770 - 25/06/2022 17:07:41
laCartera WAPI : 5770 - 25/06/2022 17:08:35
laCartera WAPI : 5770 - 25/06/2022 17:09:15
laCartera WAPI : 5770 - 25/06/2022 17:09:24
laCartera WAPI : 5770 - 25/06/2022 17:20:23
laCartera WAPI : 5770 - 25/06/2022 17:20:29
laCartera WAPI : 5770 - 25/06/2022 17:22:27
laCartera WAPI : 5770 - 25/06/2022 17:25:09
laCartera WAPI : 5770 - 25/06/2022 17:26:02
laCartera WAPI : 5770 - 25/06/2022 17:26:20
laCartera WAPI : 5770 - 25/06/2022 17:26:43
laCartera WAPI : 5770 - 25/06/2022 17:26:51
laCartera WAPI : 5770 - 25/06/2022 17:27:36
{ recordsets: [ [ [Object] ] ] }
laCartera WAPI : 5770 - 25/06/2022 17:38:32
laCartera WAPI : 5770 - 25/06/2022 17:38:39
laCartera WAPI : 5770 - 25/06/2022 17:41:37
laCartera WAPI : 5770 - 25/06/2022 17:43:16
laCartera WAPI : 5770 - 25/06/2022 17:44:09
laCartera WAPI : 5770 - 25/06/2022 17:45:10
laCartera WAPI : 5770 - 25/06/2022 17:45:50
{ recordsets: [ [ [Object] ] ] }
{ recordsets: [ [ [Object] ] ] }
laCartera WAPI : 5770 - 25/06/2022 17:53:06
laCartera WAPI : 5770 - 25/06/2022 17:53:47
laCartera WAPI : 5770 - 25/06/2022 17:58:29
laCartera WAPI : 5770 - 27/06/2022 09:12:02
laCartera WAPI : 5770 - 27/06/2022 09:17:13
laCartera WAPI : 5770 - 27/06/2022 09:28:28
laCartera WAPI : 5770 - 27/06/2022 09:28:47
laCartera WAPI : 5770 - 27/06/2022 09:28:59
laCartera WAPI : 5770 - 27/06/2022 09:35:01
laCartera WAPI : 5770 - 27/06/2022 09:35:42
laCartera WAPI : 5770 - 27/06/2022 09:36:48
laCartera WAPI : 5770 - 27/06/2022 09:37:55
laCartera WAPI : 5770 - 27/06/2022 09:38:03
laCartera WAPI : 5770 - 27/06/2022 09:38:11
laCartera WAPI : 5770 - 27/06/2022 09:38:26
laCartera WAPI : 5770 - 27/06/2022 09:40:03
laCartera WAPI : 5770 - 27/06/2022 09:40:21
laCartera WAPI : 5770 - 27/06/2022 09:43:36
laCartera WAPI : 5770 - 27/06/2022 09:43:38
laCartera WAPI : 5770 - 27/06/2022 09:43:40
laCartera WAPI : 5770 - 27/06/2022 09:43:42
laCartera WAPI : 5770 - 27/06/2022 09:43:43
laCartera WAPI : 5770 - 27/06/2022 09:43:45
laCartera WAPI : 5770 - 27/06/2022 09:43:47
laCartera WAPI : 5770 - 27/06/2022 09:44:06
laCartera WAPI : 5770 - 27/06/2022 09:45:39
laCartera WAPI : 5770 - 27/06/2022 09:56:49
laCartera WAPI : 5770 - 27/06/2022 09:56:54
laCartera WAPI : 5770 - 27/06/2022 10:07:49
laCartera WAPI : 5770 - 27/06/2022 10:08:02
laCartera WAPI : 5770 - 27/06/2022 10:08:15
laCartera WAPI : 5770 - 27/06/2022 10:08:56
laCartera WAPI : 5770 - 27/06/2022 10:09:56
laCartera WAPI : 5770 - 27/06/2022 11:09:43
laCartera WAPI : 5770 - 27/06/2022 11:12:08
laCartera WAPI : 5770 - 27/06/2022 11:14:10
laCartera WAPI : 5770 - 27/06/2022 11:14:45
{ recordsets: [ [ [Object] ] ] }
laCartera WAPI : 5770 - 27/06/2022 11:16:11
laCartera WAPI : 5770 - 27/06/2022 11:39:35
laCartera WAPI : 5770 - 27/06/2022 11:42:00
laCartera WAPI : 5770 - 27/06/2022 11:44:52
laCartera WAPI : 5770 - 27/06/2022 12:05:29
laCartera WAPI : 5770 - 27/06/2022 12:06:10
laCartera WAPI : 5770 - 27/06/2022 12:06:23
laCartera WAPI : 5770 - 27/06/2022 12:09:56
laCartera WAPI : 5770 - 27/06/2022 12:14:15
laCartera WAPI : 5770 - 27/06/2022 12:14:21
laCartera WAPI : 5770 - 27/06/2022 12:14:25
laCartera WAPI : 5770 - 27/06/2022 12:14:35
laCartera WAPI : 5770 - 27/06/2022 12:15:14
laCartera WAPI : 5770 - 27/06/2022 12:40:21
laCartera WAPI : 5770 - 27/06/2022 12:44:16
laCartera WAPI : 5770 - 27/06/2022 12:44:36
laCartera WAPI : 5770 - 27/06/2022 12:45:33
laCartera WAPI : 5770 - 27/06/2022 12:51:40
laCartera WAPI : 5770 - 27/06/2022 12:55:44
laCartera WAPI : 5770 - 27/06/2022 12:55:51
laCartera WAPI : 5770 - 27/06/2022 12:56:12
laCartera WAPI : 5770 - 27/06/2022 13:34:08
laCartera WAPI : 5770 - 27/06/2022 13:39:24
laCartera WAPI : 5770 - 27/06/2022 13:44:20
laCartera WAPI : 5770 - 27/06/2022 13:45:05
laCartera WAPI : 5770 - 27/06/2022 13:48:55
laCartera WAPI : 5770 - 27/06/2022 13:49:40
laCartera WAPI : 5770 - 27/06/2022 13:50:14
laCartera WAPI : 5770 - 27/06/2022 14:40:14
laCartera WAPI : 5770 - 27/06/2022 14:40:22
laCartera WAPI : 5770 - 27/06/2022 14:41:49
laCartera WAPI : 5770 - 27/06/2022 14:43:16
laCartera WAPI : 5770 - 27/06/2022 14:47:48
laCartera WAPI : 5770 - 27/06/2022 14:50:50
laCartera WAPI : 5770 - 27/06/2022 14:51:17
laCartera WAPI : 5770 - 27/06/2022 14:52:20
laCartera WAPI : 5770 - 27/06/2022 14:52:33
laCartera WAPI : 5770 - 27/06/2022 14:52:44
laCartera WAPI : 5770 - 27/06/2022 14:53:43
laCartera WAPI : 5770 - 27/06/2022 14:55:25
laCartera WAPI : 5770 - 27/06/2022 14:56:31
laCartera WAPI : 5770 - 27/06/2022 14:56:48
laCartera WAPI : 5770 - 27/06/2022 15:17:50
laCartera WAPI : 5770 - 27/06/2022 15:17:53
{ recordsets: [ [ [Object] ] ] }
Hata(1) : ConnectionError: Logon failed for login 'eron_lacartera_crm_154865a5774586241' due to trigger execution.
{ recordsets: [ [ [Object] ] ] }
Hata(1) : ConnectionError: Logon failed for login 'eron_lacartera_crm_154865a5774586241' due to trigger execution.
{ recordsets: [ [ [Object] ] ] }
Hata(1) : ConnectionError: Logon failed for login 'eron_lacartera_crm_154865a5774586241' due to trigger execution.
{ recordsets: [ [ [Object] ] ] }
Hata(1) : ConnectionError: Logon failed for login 'eron_lacartera_crm_154865a5774586241' due to trigger execution.
{ recordsets: [ [ [Object] ] ] }
Hata(1) : ConnectionError: Logon failed for login 'eron_lacartera_crm_154865a5774586241' due to trigger execution.
{ recordsets: [ [ [Object] ] ] }
Hata(1) : ConnectionError: Logon failed for login 'eron_lacartera_crm_154865a5774586241' due to trigger execution.
{ recordsets: [ [ [Object] ] ] }
Hata(1) : ConnectionError: Logon failed for login 'eron_lacartera_crm_154865a5774586241' due to trigger execution.
{ recordsets: [ [ [Object] ] ] }
Hata(1) : ConnectionError: Logon failed for login 'eron_lacartera_crm_154865a5774586241' due to trigger execution.
{ recordsets: [ [ [Object] ] ] }
laCartera WAPI : 5770 - 29/06/2022 16:47:18
laCartera WAPI : 5770 - 29/06/2022 16:50:19
laCartera WAPI : 5770 - 30/06/2022 10:07:50
laCartera WAPI : 5770 - 30/06/2022 10:08:55
laCartera WAPI : 5770 - 30/06/2022 10:09:26
laCartera WAPI : 5770 - 30/06/2022 10:10:00
laCartera WAPI : 5770 - 30/06/2022 10:10:28
laCartera WAPI : 5770 - 30/06/2022 13:31:30
laCartera WAPI : 5770 - 30/06/2022 14:54:27
laCartera WAPI : 5770 - 30/06/2022 14:54:49
laCartera WAPI : 5770 - 01/07/2022 09:24:31
laCartera WAPI : 5770 - 01/07/2022 09:26:08
laCartera WAPI : 5770 - 01/07/2022 09:26:34
laCartera WAPI : 5770 - 01/07/2022 09:27:07
laCartera WAPI : 5770 - 01/07/2022 09:27:13
laCartera WAPI : 5770 - 01/07/2022 09:29:37
laCartera WAPI : 5770 - 01/07/2022 09:30:19
laCartera WAPI : 5770 - 01/07/2022 09:30:28
{ recordsets: [ [ [Object] ] ] }
laCartera WAPI : 5770 - 01/07/2022 09:34:19
laCartera WAPI : 5770 - 01/07/2022 09:34:31
laCartera WAPI : 5770 - 01/07/2022 09:49:10
{ recordsets: [ [ [Object] ] ] }
laCartera WAPI : 5770 - 01/07/2022 12:48:58
laCartera WAPI : 5770 - 01/07/2022 12:49:06
laCartera WAPI : 5770 - 01/07/2022 12:49:20
{ recordsets: [ [ [Object] ] ] }
{ recordsets: [ [ [Object] ] ] }
{ recordsets: [ [ [Object] ] ] }
{ recordsets: [ [ [Object] ] ] }
{ recordsets: [ [ [Object] ] ] }
{ recordsets: [ [ [Object] ] ] }
{ recordsets: [ [ [Object] ] ] }
{ recordsets: [ [ [Object] ] ] }
{ recordsets: [ [ [Object] ] ] }
{ recordsets: [ [ [Object] ] ] }
{ recordsets: [ [ [Object] ] ] }
{ recordsets: [ [ [Object] ] ] }
{ recordsets: [ [ [Object] ] ] }
laCartera WAPI : 5770 - 05/07/2022 10:27:56
laCartera WAPI : 5770 - 05/07/2022 12:33:59
{ recordsets: [ [ [Object] ] ] }
{ recordsets: [ [ [Object] ] ] }
{ recordsets: [ [ [Object] ] ] }
{ recordsets: [ [ [Object] ] ] }
{ recordsets: [ [ [Object] ] ] }
{ recordsets: [ [ [Object] ] ] }
{ recordsets: [ [ [Object] ] ] }
{ recordsets: [ [ [Object] ] ] }
{ recordsets: [ [ [Object] ] ] }
{ recordsets: [ [ [Object] ] ] }
{ recordsets: [ [ [Object] ] ] }
{ recordsets: [ [ [Object] ] ] }
laCartera WAPI : 5770 - 05/07/2022 18:07:43
laCartera WAPI : 5770 - 05/07/2022 18:08:59
laCartera WAPI : 5770 - 05/07/2022 18:10:24
laCartera WAPI : 5770 - 05/07/2022 18:10:31
laCartera WAPI : 5770 - 05/07/2022 18:10:59
laCartera WAPI : 5770 - 05/07/2022 18:11:53
laCartera WAPI : 5770 - 07/07/2022 08:56:31
laCartera WAPI : 5770 - 07/07/2022 09:07:48
laCartera WAPI : 5770 - 07/07/2022 15:02:11
laCartera WAPI : 5770 - 07/07/2022 15:02:16
laCartera WAPI : 5770 - 07/07/2022 15:03:09
laCartera WAPI : 5770 - 07/07/2022 15:04:11
laCartera WAPI : 5770 - 07/07/2022 15:04:39
laCartera WAPI : 5770 - 07/07/2022 15:07:15
laCartera WAPI : 5770 - 07/07/2022 15:07:42
laCartera WAPI : 5770 - 07/07/2022 17:28:48
laCartera WAPI : 5770 - 07/07/2022 17:29:19
laCartera WAPI : 5770 - 07/07/2022 18:44:00
laCartera WAPI : 5770 - 07/07/2022 19:02:43
laCartera WAPI : 5770 - 07/07/2022 19:02:46
laCartera WAPI : 5770 - 08/07/2022 13:10:50
laCartera WAPI : 5770 - 08/07/2022 13:10:53
laCartera WAPI : 5770 - 08/07/2022 13:11:44
laCartera WAPI : 5770 - 08/07/2022 13:11:48
{ recordsets: [ [ [Object] ] ] }
{ recordsets: [ [ [Object] ] ] }
{ recordsets: [ [ [Object] ] ] }
{ recordsets: [ [ [Object] ] ] }
{ recordsets: [ [ [Object] ] ] }
{ recordsets: [ [ [Object] ] ] }
{ recordsets: [ [ [Object] ] ] }
{ recordsets: [ [ [Object] ] ] }
{ recordsets: [ [ [Object] ] ] }
{ recordsets: [ [ [Object] ] ] }
{ recordsets: [ [ [Object] ] ] }
{ recordsets: [ [ [Object] ] ] }
{ recordsets: [ [ [Object] ] ] }
{ recordsets: [ [ [Object] ] ] }
{ recordsets: [ [ [Object] ] ] }
{ recordsets: [ [ [Object] ] ] }
{ recordsets: [ [ [Object] ] ] }
{ recordsets: [ [ [Object] ] ] }
{ recordsets: [ [ [Object] ] ] }
{ recordsets: [ [ [Object] ] ] }
{ recordsets: [ [ [Object] ] ] }
{ recordsets: [ [ [Object] ] ] }
{ recordsets: [ [ [Object] ] ] }
{ recordsets: [ [ [Object] ] ] }
{ recordsets: [ [ [Object] ] ] }
{ recordsets: [ [ [Object] ] ] }
{ recordsets: [ [ [Object] ] ] }
{ recordsets: [ [ [Object] ] ] }
{ recordsets: [ [ [Object] ] ] }
{ recordsets: [ [ [Object] ] ] }
{ recordsets: [ [ [Object] ] ] }
{ recordsets: [ [ [Object] ] ] }
{ recordsets: [ [ [Object] ] ] }
{ recordsets: [ [ [Object] ] ] }
{ recordsets: [ [ [Object] ] ] }
{ recordsets: [ [ [Object] ] ] }
{ recordsets: [ [ [Object] ] ] }
{ recordsets: [ [ [Object] ] ] }
{ recordsets: [ [ [Object] ] ] }
{ recordsets: [ [ [Object] ] ] }
{ recordsets: [ [ [Object] ] ] }
{ recordsets: [ [ [Object] ] ] }
{ recordsets: [ [ [Object] ] ] }
{ recordsets: [ [ [Object] ] ] }
{ recordsets: [ [ [Object] ] ] }
{ recordsets: [ [ [Object] ] ] }
{ recordsets: [ [ [Object] ] ] }
{ recordsets: [ [ [Object] ] ] }
{ recordsets: [ [ [Object] ] ] }
{ recordsets: [ [ [Object] ] ] }
{ recordsets: [ [ [Object] ] ] }
{ recordsets: [ [ [Object] ] ] }
{ recordsets: [ [ [Object] ] ] }
{ recordsets: [ [ [Object] ] ] }
{ recordsets: [ [ [Object] ] ] }
{ recordsets: [ [ [Object] ] ] }
{ recordsets: [ [ [Object] ] ] }
{ recordsets: [ [ [Object] ] ] }
{ recordsets: [ [ [Object] ] ] }
{ recordsets: [ [ [Object] ] ] }
laCartera WAPI : 5770 - 21/07/2022 22:23:53
